2025-11-26 16:11:04 [INFO] dota_matches_bot: Логирование инициализировано
2025-11-26 16:11:04 [INFO] dota_matches_bot: Запуск бота...
2025-11-26 16:11:10 [INFO] dota_matches_bot: Команда /start от пользователя 88376478 в чате 88376478
2025-11-26 16:11:13 [INFO] dota_matches_bot: Команда /today от пользователя 88376478 в чате 88376478
2025-11-26 16:11:13 [INFO] dota_matches_bot: Запрос матчей из API: http://45.10.245.84:8050/dota/matches/today
2025-11-26 16:11:14 [INFO] dota_matches_bot: Ответ API: date=2025-11-26 timezone=Europe/Moscow, today_msk=2025-11-26, всего матчей=19
2025-11-26 16:11:14 [INFO] dota_matches_bot: Успешно распарсили 19 матчей
2025-11-26 16:11:15 [INFO] dota_matches_bot: Отправили первое сообщение /today в чате 88376478 (message_id=27)
2025-11-26 16:11:15 [INFO] dota_matches_bot: Поллер ещё не запущен — стартуем новую фоновую задачу
2025-11-26 16:11:15 [INFO] dota_matches_bot: Старт фонового поллера матчей (интервал 60 сек)
2025-11-26 16:12:15 [INFO] dota_matches_bot: Запрос матчей из API: http://45.10.245.84:8050/dota/matches/today
2025-11-26 16:12:15 [INFO] dota_matches_bot: Ответ API: date=2025-11-26 timezone=Europe/Moscow, today_msk=2025-11-26, всего матчей=19
2025-11-26 16:12:15 [INFO] dota_matches_bot: Успешно распарсили 19 матчей
2025-11-26 16:12:15 [INFO] dota_matches_bot: Изменений в матчах нет, сообщения не обновляем
2025-11-26 16:13:15 [INFO] dota_matches_bot: Запрос матчей из API: http://45.10.245.84:8050/dota/matches/today
2025-11-26 16:13:16 [INFO] dota_matches_bot: Ответ API: date=2025-11-26 timezone=Europe/Moscow, today_msk=2025-11-26, всего матчей=19
2025-11-26 16:13:16 [INFO] dota_matches_bot: Успешно распарсили 19 матчей
2025-11-26 16:13:16 [INFO] dota_matches_bot: Изменений в матчах нет, сообщения не обновляем
2025-11-26 16:14:02 [INFO] dota_matches_bot: Фоновый поллер матчей остановлен (CancelledError)
2025-11-26 16:14:02 [INFO] dota_matches_bot: Бот остановлен
2025-11-26 16:14:04 [INFO] dota_matches_bot: Логирование инициализировано
2025-11-26 16:14:04 [INFO] dota_matches_bot: Загружено подписчиков: 0
2025-11-26 16:14:04 [INFO] dota_matches_bot: Запуск бота...
2025-11-26 16:14:09 [INFO] dota_matches_bot: Команда /today от пользователя 88376478 в чате 88376478
2025-11-26 16:14:09 [INFO] dota_matches_bot: Запрос матчей из API: http://45.10.245.84:8050/dota/matches/today
2025-11-26 16:14:10 [INFO] dota_matches_bot: Ответ API: date=2025-11-26 timezone=Europe/Moscow, today_msk=2025-11-26, всего матчей=19
2025-11-26 16:14:10 [INFO] dota_matches_bot: Успешно распарсили 19 матчей
2025-11-26 16:14:11 [INFO] dota_matches_bot: Отправили первое сообщение /today в чате 88376478 (message_id=29)
2025-11-26 16:14:11 [INFO] dota_matches_bot: Поллер матчей ещё не запущен — стартуем фоновую задачу
2025-11-26 16:14:11 [INFO] dota_matches_bot: Старт фонового поллера матчей (интервал 60 сек)
2025-11-26 16:15:11 [INFO] dota_matches_bot: Запрос матчей из API: http://45.10.245.84:8050/dota/matches/today
2025-11-26 16:15:12 [INFO] dota_matches_bot: Ответ API: date=2025-11-26 timezone=Europe/Moscow, today_msk=2025-11-26, всего матчей=19
2025-11-26 16:15:12 [INFO] dota_matches_bot: Успешно распарсили 19 матчей
2025-11-26 16:15:12 [INFO] dota_matches_bot: Обнаружены изменения матчей, обновляем сообщения
2025-11-26 16:15:12 [INFO] dota_matches_bot: Сообщение /today обновлено в чате 88376478 (message_id=29)
2025-11-26 16:16:12 [INFO] dota_matches_bot: Запрос матчей из API: http://45.10.245.84:8050/dota/matches/today
2025-11-26 16:16:13 [INFO] dota_matches_bot: Ответ API: date=2025-11-26 timezone=Europe/Moscow, today_msk=2025-11-26, всего матчей=19
2025-11-26 16:16:13 [INFO] dota_matches_bot: Успешно распарсили 19 матчей
2025-11-26 16:16:13 [INFO] dota_matches_bot: Изменений в матчах нет, сообщения не обновляем
2025-11-26 16:17:13 [INFO] dota_matches_bot: Запрос матчей из API: http://45.10.245.84:8050/dota/matches/today
2025-11-26 16:17:14 [INFO] dota_matches_bot: Ответ API: date=2025-11-26 timezone=Europe/Moscow, today_msk=2025-11-26, всего матчей=19
2025-11-26 16:17:14 [INFO] dota_matches_bot: Успешно распарсили 19 матчей
2025-11-26 16:17:14 [INFO] dota_matches_bot: Изменений в матчах нет, сообщения не обновляем
2025-11-26 16:18:14 [INFO] dota_matches_bot: Запрос матчей из API: http://45.10.245.84:8050/dota/matches/today
2025-11-26 16:18:15 [INFO] dota_matches_bot: Ответ API: date=2025-11-26 timezone=Europe/Moscow, today_msk=2025-11-26, всего матчей=19
2025-11-26 16:18:15 [INFO] dota_matches_bot: Успешно распарсили 19 матчей
2025-11-26 16:18:15 [INFO] dota_matches_bot: Изменений в матчах нет, сообщения не обновляем
2025-11-26 16:19:15 [INFO] dota_matches_bot: Запрос матчей из API: http://45.10.245.84:8050/dota/matches/today
2025-11-26 16:19:16 [INFO] dota_matches_bot: Ответ API: date=2025-11-26 timezone=Europe/Moscow, today_msk=2025-11-26, всего матчей=19
2025-11-26 16:19:16 [INFO] dota_matches_bot: Успешно распарсили 19 матчей
2025-11-26 16:19:16 [INFO] dota_matches_bot: Изменений в матчах нет, сообщения не обновляем
2025-11-26 16:20:16 [INFO] dota_matches_bot: Запрос матчей из API: http://45.10.245.84:8050/dota/matches/today
2025-11-26 16:20:17 [INFO] dota_matches_bot: Ответ API: date=2025-11-26 timezone=Europe/Moscow, today_msk=2025-11-26, всего матчей=19
2025-11-26 16:20:17 [INFO] dota_matches_bot: Успешно распарсили 19 матчей
2025-11-26 16:20:17 [INFO] dota_matches_bot: Изменений в матчах нет, сообщения не обновляем
2025-11-26 16:21:17 [INFO] dota_matches_bot: Запрос матчей из API: http://45.10.245.84:8050/dota/matches/today
2025-11-26 16:21:18 [INFO] dota_matches_bot: Ответ API: date=2025-11-26 timezone=Europe/Moscow, today_msk=2025-11-26, всего матчей=19
2025-11-26 16:21:18 [INFO] dota_matches_bot: Успешно распарсили 19 матчей
2025-11-26 16:21:18 [INFO] dota_matches_bot: Изменений в матчах нет, сообщения не обновляем
2025-11-26 16:21:19 [INFO] dota_matches_bot: Останавливаем задачу poll_task
2025-11-26 16:21:19 [INFO] dota_matches_bot: Фоновый поллер матчей остановлен (CancelledError)
2025-11-26 16:21:19 [INFO] dota_matches_bot: Бот остановлен
2025-11-26 16:21:25 [INFO] dota_matches_bot: Логирование инициализировано
2025-11-26 16:21:25 [INFO] dota_matches_bot: Запуск бота...
2025-11-26 16:21:25 [INFO] dota_matches_bot: Инициализация БД и таблицы подписчиков...
2025-11-26 16:21:27 [INFO] dota_matches_bot: Таблица подписчиков проверена/создана.
2025-11-26 16:21:27 [INFO] dota_matches_bot: Старт ежедневного нотификатора (10:00 МСК)
2025-11-26 16:21:39 [INFO] dota_matches_bot: Команда /start от пользователя 88376478 в чате 88376478
2025-11-26 16:21:41 [INFO] dota_matches_bot: Чат 88376478 добавлен в подписчики (или уже был).
2025-11-26 16:21:44 [INFO] dota_matches_bot: Команда /today от пользователя 88376478 в чате 88376478
2025-11-26 16:21:44 [INFO] dota_matches_bot: Запрос матчей из API: http://45.10.245.84:8050/dota/matches/today
2025-11-26 16:21:45 [INFO] dota_matches_bot: Успешно распарсили 19 матчей
2025-11-26 16:21:45 [INFO] dota_matches_bot: Отправили первое сообщение /today в чате 88376478 (message_id=33)
2025-11-26 16:21:45 [INFO] dota_matches_bot: Поллер матчей ещё не запущен — стартуем фоновую задачу
2025-11-26 16:21:45 [INFO] dota_matches_bot: Старт фонового поллера матчей (интервал 60 сек)
2025-11-26 16:22:45 [INFO] dota_matches_bot: Запрос матчей из API: http://45.10.245.84:8050/dota/matches/today
2025-11-26 16:22:46 [INFO] dota_matches_bot: Успешно распарсили 19 матчей
2025-11-26 16:22:46 [INFO] dota_matches_bot: Изменений в матчах нет, сообщения не обновляем
2025-11-26 16:23:46 [INFO] dota_matches_bot: Запрос матчей из API: http://45.10.245.84:8050/dota/matches/today
2025-11-26 16:23:46 [INFO] dota_matches_bot: Успешно распарсили 19 матчей
2025-11-26 16:23:46 [INFO] dota_matches_bot: Изменений в матчах нет, сообщения не обновляем
2025-11-26 16:24:46 [INFO] dota_matches_bot: Запрос матчей из API: http://45.10.245.84:8050/dota/matches/today
2025-11-26 16:24:49 [INFO] dota_matches_bot: Успешно распарсили 19 матчей
2025-11-26 16:24:49 [INFO] dota_matches_bot: Изменений в матчах нет, сообщения не обновляем
2025-11-26 16:25:49 [INFO] dota_matches_bot: Запрос матчей из API: http://45.10.245.84:8050/dota/matches/today
2025-11-26 16:25:49 [INFO] dota_matches_bot: Успешно распарсили 19 матчей
2025-11-26 16:25:49 [INFO] dota_matches_bot: Изменений в матчах нет, сообщения не обновляем
2025-11-26 16:26:48 [INFO] dota_matches_bot: Останавливаем задачу poll_task
2025-11-26 16:26:48 [INFO] dota_matches_bot: Фоновый поллер матчей остановлен (CancelledError)
2025-11-26 16:26:48 [INFO] dota_matches_bot: Останавливаем задачу daily_task
2025-11-26 16:26:48 [INFO] dota_matches_bot: Ежедневный нотификатор остановлен (CancelledError)
2025-11-26 16:26:48 [INFO] dota_matches_bot: Бот остановлен
[2025-12-06 16:57:48] [INFO] dota_matches_bot - Логирование инициализировано
[2025-12-06 16:57:48] [INFO] dota_matches_bot - MATCHES_API_BASE_URL = http://45.10.245.84:8050/dota/matches
[2025-12-06 16:57:48] [INFO] dota_matches_bot - Запуск бота...
[2025-12-06 16:57:48] [INFO] dota_matches_bot - Инициализация БД...
[2025-12-06 16:57:50] [INFO] dota_matches_bot - БД и таблицы инициализированы.
[2025-12-06 16:57:50] [INFO] dota_matches_bot - Старт фонового поллера матчей
[2025-12-06 16:57:50] [INFO] dota_matches_bot - Старт ежедневного нотификатора (10:00 МСК, один раз в день)
[2025-12-06 16:57:50] [INFO] dota_matches_bot - Старт таска напоминаний о матчах
[2025-12-06 16:57:50] [INFO] dota_matches_bot - Команда /start от пользователя 88376478 в чате 88376478
[2025-12-06 16:57:51] [INFO] dota_matches_bot - Чат 88376478 добавлен в подписчики (или уже был).
[2025-12-06 16:57:51] [INFO] dota_matches_bot - Команда /start от пользователя 88376478 в чате 88376478
[2025-12-06 16:57:52] [INFO] dota_matches_bot - Чат 88376478 добавлен в подписчики (или уже был).
[2025-12-06 16:57:52] [INFO] dota_matches_bot - Команда /start от пользователя 88376478 в чате 88376478
[2025-12-06 16:57:53] [INFO] dota_matches_bot - Чат 88376478 добавлен в подписчики (или уже был).
[2025-12-06 16:58:03] [INFO] dota_matches_bot - Чат 88376478 добавлен в подписчики (или уже был).
[2025-12-06 16:58:03] [INFO] dota_matches_bot - Команда /today от пользователя 88376478 в чате 88376478 для дня 2025-12-06
[2025-12-06 16:58:03] [INFO] dota_matches_bot - Запрос матчей из API: http://45.10.245.84:8050/dota/matches/06-12-2025 для дня 2025-12-06
[2025-12-06 16:58:05] [INFO] dota_matches_bot - Дедупликация: было 11 матчей, осталось 11
[2025-12-06 16:58:05] [INFO] dota_matches_bot - Команда /today: из API получено матчей: 11
[2025-12-06 16:58:06] [INFO] dota_matches_bot - Команда /today: найдено сохранённое состояние (chat_id=88376478, day=2025-12-06, excluded=-)
[2025-12-06 16:58:07] [INFO] dota_matches_bot - Команда /today: отправили today-сообщение в чате 88376478 (message_id=198, day=2025-12-06)
[2025-12-06 16:58:08] [INFO] dota_matches_bot - Состояние today-сообщения сохранено: chat_id=88376478, day=2025-12-06, message_id=198
[2025-12-06 16:58:08] [INFO] dota_matches_bot - Поллер матчей уже запущен, новую задачу не создаём
[2025-12-06 16:58:50] [INFO] dota_matches_bot - Поллер: обновляем матчи для дня 2025-12-06
[2025-12-06 16:58:50] [INFO] dota_matches_bot - Запрос матчей из API: http://45.10.245.84:8050/dota/matches/06-12-2025 для дня 2025-12-06
[2025-12-06 16:58:53] [INFO] dota_matches_bot - Дедупликация: было 11 матчей, осталось 11
[2025-12-06 16:58:53] [INFO] dota_matches_bot - Поллер: из API получено матчей: 11
[2025-12-06 16:58:54] [INFO] dota_matches_bot - Для дня 2025-12-06 найдено today-состояний: 3
[2025-12-06 16:58:54] [INFO] dota_matches_bot - Поллер: обновили today-сообщение в чате 177322935 (message_id=189, day=2025-12-06)
[2025-12-06 16:58:56] [INFO] dota_matches_bot - Состояние today-сообщения сохранено: chat_id=177322935, day=2025-12-06, message_id=189
[2025-12-06 16:58:56] [INFO] dota_matches_bot - Чат 88376478 / день 2025-12-06: текст не изменился, пропускаем обновление
[2025-12-06 16:58:56] [INFO] dota_matches_bot - Поллер: обновили today-сообщение в чате 590713900 (message_id=188, day=2025-12-06)
[2025-12-06 16:58:57] [INFO] dota_matches_bot - Состояние today-сообщения сохранено: chat_id=590713900, day=2025-12-06, message_id=188
[2025-12-06 16:59:57] [INFO] dota_matches_bot - Поллер: обновляем матчи для дня 2025-12-06
[2025-12-06 16:59:57] [INFO] dota_matches_bot - Запрос матчей из API: http://45.10.245.84:8050/dota/matches/06-12-2025 для дня 2025-12-06
[2025-12-06 16:59:59] [INFO] dota_matches_bot - Дедупликация: было 11 матчей, осталось 11
[2025-12-06 16:59:59] [INFO] dota_matches_bot - Поллер: из API получено матчей: 11
[2025-12-06 17:00:00] [INFO] dota_matches_bot - Для дня 2025-12-06 найдено today-состояний: 3
[2025-12-06 17:00:00] [INFO] dota_matches_bot - Чат 177322935 / день 2025-12-06: текст не изменился, пропускаем обновление
[2025-12-06 17:00:00] [INFO] dota_matches_bot - Чат 88376478 / день 2025-12-06: текст не изменился, пропускаем обновление
[2025-12-06 17:00:00] [INFO] dota_matches_bot - Чат 590713900 / день 2025-12-06: текст не изменился, пропускаем обновление
[2025-12-06 17:01:00] [INFO] dota_matches_bot - Поллер: обновляем матчи для дня 2025-12-06
[2025-12-06 17:01:00] [INFO] dota_matches_bot - Запрос матчей из API: http://45.10.245.84:8050/dota/matches/06-12-2025 для дня 2025-12-06
[2025-12-06 17:01:01] [INFO] dota_matches_bot - Дедупликация: было 11 матчей, осталось 11
[2025-12-06 17:01:01] [INFO] dota_matches_bot - Поллер: из API получено матчей: 11
[2025-12-06 17:01:02] [INFO] dota_matches_bot - Для дня 2025-12-06 найдено today-состояний: 3
[2025-12-06 17:01:02] [INFO] dota_matches_bot - Чат 177322935 / день 2025-12-06: текст не изменился, пропускаем обновление
[2025-12-06 17:01:02] [INFO] dota_matches_bot - Чат 88376478 / день 2025-12-06: текст не изменился, пропускаем обновление
[2025-12-06 17:01:02] [INFO] dota_matches_bot - Чат 590713900 / день 2025-12-06: текст не изменился, пропускаем обновление
[2025-12-06 17:02:02] [INFO] dota_matches_bot - Поллер: обновляем матчи для дня 2025-12-06
[2025-12-06 17:02:02] [INFO] dota_matches_bot - Запрос матчей из API: http://45.10.245.84:8050/dota/matches/06-12-2025 для дня 2025-12-06
[2025-12-06 17:02:02] [INFO] dota_matches_bot - Дедупликация: было 11 матчей, осталось 11
[2025-12-06 17:02:02] [INFO] dota_matches_bot - Поллер: из API получено матчей: 11
[2025-12-06 17:02:03] [INFO] dota_matches_bot - Для дня 2025-12-06 найдено today-состояний: 3
[2025-12-06 17:02:03] [INFO] dota_matches_bot - Чат 177322935 / день 2025-12-06: текст не изменился, пропускаем обновление
[2025-12-06 17:02:03] [INFO] dota_matches_bot - Чат 88376478 / день 2025-12-06: текст не изменился, пропускаем обновление
[2025-12-06 17:02:03] [INFO] dota_matches_bot - Чат 590713900 / день 2025-12-06: текст не изменился, пропускаем обновление
[2025-12-06 17:03:06] [INFO] dota_matches_bot - Поллер: обновляем матчи для дня 2025-12-06
[2025-12-06 17:03:06] [INFO] dota_matches_bot - Запрос матчей из API: http://45.10.245.84:8050/dota/matches/06-12-2025 для дня 2025-12-06
[2025-12-06 17:03:12] [INFO] dota_matches_bot - Дедупликация: было 11 матчей, осталось 11
[2025-12-06 17:03:12] [INFO] dota_matches_bot - Поллер: из API получено матчей: 11
[2025-12-06 17:03:13] [INFO] dota_matches_bot - Для дня 2025-12-06 найдено today-состояний: 3
[2025-12-06 17:03:13] [INFO] dota_matches_bot - Чат 177322935 / день 2025-12-06: текст не изменился, пропускаем обновление
[2025-12-06 17:03:13] [INFO] dota_matches_bot - Чат 88376478 / день 2025-12-06: текст не изменился, пропускаем обновление
[2025-12-06 17:03:13] [INFO] dota_matches_bot - Чат 590713900 / день 2025-12-06: текст не изменился, пропускаем обновление
[2025-12-06 17:04:13] [INFO] dota_matches_bot - Поллер: обновляем матчи для дня 2025-12-06
[2025-12-06 17:04:13] [INFO] dota_matches_bot - Запрос матчей из API: http://45.10.245.84:8050/dota/matches/06-12-2025 для дня 2025-12-06
[2025-12-06 17:04:14] [INFO] dota_matches_bot - Дедупликация: было 11 матчей, осталось 11
[2025-12-06 17:04:14] [INFO] dota_matches_bot - Поллер: из API получено матчей: 11
[2025-12-06 17:04:15] [INFO] dota_matches_bot - Для дня 2025-12-06 найдено today-состояний: 3
[2025-12-06 17:04:15] [INFO] dota_matches_bot - Чат 177322935 / день 2025-12-06: текст не изменился, пропускаем обновление
[2025-12-06 17:04:15] [INFO] dota_matches_bot - Чат 88376478 / день 2025-12-06: текст не изменился, пропускаем обновление
[2025-12-06 17:04:15] [INFO] dota_matches_bot - Чат 590713900 / день 2025-12-06: текст не изменился, пропускаем обновление
[2025-12-06 17:05:15] [INFO] dota_matches_bot - Поллер: обновляем матчи для дня 2025-12-06
[2025-12-06 17:05:15] [INFO] dota_matches_bot - Запрос матчей из API: http://45.10.245.84:8050/dota/matches/06-12-2025 для дня 2025-12-06
[2025-12-06 17:05:15] [INFO] dota_matches_bot - Дедупликация: было 11 матчей, осталось 11
[2025-12-06 17:05:15] [INFO] dota_matches_bot - Поллер: из API получено матчей: 11
[2025-12-06 17:05:16] [INFO] dota_matches_bot - Для дня 2025-12-06 найдено today-состояний: 3
[2025-12-06 17:05:16] [INFO] dota_matches_bot - Чат 177322935 / день 2025-12-06: текст не изменился, пропускаем обновление
[2025-12-06 17:05:16] [INFO] dota_matches_bot - Чат 88376478 / день 2025-12-06: текст не изменился, пропускаем обновление
[2025-12-06 17:05:16] [INFO] dota_matches_bot - Чат 590713900 / день 2025-12-06: текст не изменился, пропускаем обновление
[2025-12-06 17:05:18] [INFO] dota_matches_bot - Останавливаем задачу poll_task
[2025-12-06 17:05:18] [INFO] dota_matches_bot - Фоновый поллер матчей остановлен (CancelledError)
[2025-12-06 17:05:18] [INFO] dota_matches_bot - Останавливаем задачу daily_task
[2025-12-06 17:05:18] [INFO] dota_matches_bot - Ежедневный нотификатор остановлен (CancelledError)
[2025-12-06 17:05:18] [INFO] dota_matches_bot - Бот остановлен
[2025-12-06 17:05:21] [INFO] dota_matches_bot - Логирование инициализировано
[2025-12-06 17:05:21] [INFO] dota_matches_bot - MATCHES_API_BASE_URL = http://45.10.245.84:8050/dota/matches
[2025-12-06 17:05:21] [INFO] dota_matches_bot - Запуск бота...
[2025-12-06 17:05:21] [INFO] dota_matches_bot - Инициализация БД...
[2025-12-06 17:05:22] [INFO] dota_matches_bot - БД и таблицы инициализированы.
[2025-12-06 17:05:22] [INFO] dota_matches_bot - Старт фонового поллера матчей
[2025-12-06 17:05:22] [INFO] dota_matches_bot - Старт ежедневного нотификатора (10:00 МСК, один раз в день)
[2025-12-06 17:05:22] [INFO] dota_matches_bot - Старт таска напоминаний о матчах
[2025-12-06 17:05:29] [INFO] dota_matches_bot - Команда /start от пользователя 88376478 в чате 88376478
[2025-12-06 17:05:30] [INFO] dota_matches_bot - Чат 88376478 добавлен в подписчики (или уже был).
[2025-12-06 17:05:33] [INFO] dota_matches_bot - Чат 88376478 добавлен в подписчики (или уже был).
[2025-12-06 17:05:33] [INFO] dota_matches_bot - Команда /today от пользователя 88376478 в чате 88376478 для дня 2025-12-06
[2025-12-06 17:05:33] [INFO] dota_matches_bot - Запрос матчей из API: http://45.10.245.84:8050/dota/matches/06-12-2025 для дня 2025-12-06
[2025-12-06 17:05:34] [INFO] dota_matches_bot - Дедупликация: было 11 матчей, осталось 11
[2025-12-06 17:05:34] [INFO] dota_matches_bot - Команда /today: из API получено матчей: 11
[2025-12-06 17:05:35] [INFO] dota_matches_bot - Команда /today: найдено сохранённое состояние (chat_id=88376478, day=2025-12-06, excluded=-)
[2025-12-06 17:06:22] [INFO] dota_matches_bot - Поллер: обновляем матчи для дня 2025-12-06
[2025-12-06 17:06:22] [INFO] dota_matches_bot - Запрос матчей из API: http://45.10.245.84:8050/dota/matches/06-12-2025 для дня 2025-12-06
[2025-12-06 17:06:23] [INFO] dota_matches_bot - Дедупликация: было 11 матчей, осталось 11
[2025-12-06 17:06:23] [INFO] dota_matches_bot - Поллер: из API получено матчей: 11
[2025-12-06 17:06:24] [INFO] dota_matches_bot - Для дня 2025-12-06 найдено today-состояний: 3
[2025-12-06 17:06:24] [INFO] dota_matches_bot - Чат 177322935 / день 2025-12-06: текст не изменился, пропускаем обновление
[2025-12-06 17:06:24] [INFO] dota_matches_bot - Чат 88376478 / день 2025-12-06: текст не изменился, пропускаем обновление
[2025-12-06 17:06:24] [INFO] dota_matches_bot - Чат 590713900 / день 2025-12-06: текст не изменился, пропускаем обновление
[2025-12-06 17:07:24] [INFO] dota_matches_bot - Поллер: обновляем матчи для дня 2025-12-06
[2025-12-06 17:07:24] [INFO] dota_matches_bot - Запрос матчей из API: http://45.10.245.84:8050/dota/matches/06-12-2025 для дня 2025-12-06
[2025-12-06 17:07:24] [INFO] dota_matches_bot - Дедупликация: было 11 матчей, осталось 11
[2025-12-06 17:07:24] [INFO] dota_matches_bot - Поллер: из API получено матчей: 11
[2025-12-06 17:07:25] [INFO] dota_matches_bot - Для дня 2025-12-06 найдено today-состояний: 3
[2025-12-06 17:07:25] [INFO] dota_matches_bot - Чат 177322935 / день 2025-12-06: текст не изменился, пропускаем обновление
[2025-12-06 17:07:25] [INFO] dota_matches_bot - Чат 88376478 / день 2025-12-06: текст не изменился, пропускаем обновление
[2025-12-06 17:07:25] [INFO] dota_matches_bot - Чат 590713900 / день 2025-12-06: текст не изменился, пропускаем обновление
[2025-12-06 17:08:25] [INFO] dota_matches_bot - Поллер: обновляем матчи для дня 2025-12-06
[2025-12-06 17:08:25] [INFO] dota_matches_bot - Запрос матчей из API: http://45.10.245.84:8050/dota/matches/06-12-2025 для дня 2025-12-06
[2025-12-06 17:08:26] [INFO] dota_matches_bot - Дедупликация: было 11 матчей, осталось 11
[2025-12-06 17:08:26] [INFO] dota_matches_bot - Поллер: из API получено матчей: 11
[2025-12-06 17:08:27] [INFO] dota_matches_bot - Для дня 2025-12-06 найдено today-состояний: 3
[2025-12-06 17:08:27] [INFO] dota_matches_bot - Чат 177322935 / день 2025-12-06: текст не изменился, пропускаем обновление
[2025-12-06 17:08:27] [INFO] dota_matches_bot - Чат 88376478 / день 2025-12-06: текст не изменился, пропускаем обновление
[2025-12-06 17:08:27] [INFO] dota_matches_bot - Чат 590713900 / день 2025-12-06: текст не изменился, пропускаем обновление
[2025-12-06 17:09:27] [INFO] dota_matches_bot - Поллер: обновляем матчи для дня 2025-12-06
[2025-12-06 17:09:27] [INFO] dota_matches_bot - Запрос матчей из API: http://45.10.245.84:8050/dota/matches/06-12-2025 для дня 2025-12-06
[2025-12-06 17:09:27] [INFO] dota_matches_bot - Дедупликация: было 11 матчей, осталось 11
[2025-12-06 17:09:27] [INFO] dota_matches_bot - Поллер: из API получено матчей: 11
[2025-12-06 17:09:28] [INFO] dota_matches_bot - Для дня 2025-12-06 найдено today-состояний: 3
[2025-12-06 17:09:28] [INFO] dota_matches_bot - Чат 177322935 / день 2025-12-06: текст не изменился, пропускаем обновление
[2025-12-06 17:09:28] [INFO] dota_matches_bot - Чат 88376478 / день 2025-12-06: текст не изменился, пропускаем обновление
[2025-12-06 17:09:28] [INFO] dota_matches_bot - Чат 590713900 / день 2025-12-06: текст не изменился, пропускаем обновление
[2025-12-06 17:09:41] [INFO] dota_matches_bot - Останавливаем задачу poll_task
[2025-12-06 17:09:41] [INFO] dota_matches_bot - Фоновый поллер матчей остановлен (CancelledError)
[2025-12-06 17:09:41] [INFO] dota_matches_bot - Останавливаем задачу daily_task
[2025-12-06 17:09:41] [INFO] dota_matches_bot - Ежедневный нотификатор остановлен (CancelledError)
[2025-12-06 17:09:41] [INFO] dota_matches_bot - Бот остановлен
[2025-12-06 17:09:44] [INFO] dota_matches_bot - Логирование инициализировано
[2025-12-06 17:09:44] [INFO] dota_matches_bot - MATCHES_API_BASE_URL = http://45.10.245.84:8050/dota/matches
[2025-12-06 17:09:44] [INFO] dota_matches_bot - Запуск бота...
[2025-12-06 17:09:44] [INFO] dota_matches_bot - Инициализация БД...
[2025-12-06 17:09:45] [INFO] dota_matches_bot - БД и таблицы инициализированы.
[2025-12-06 17:09:45] [INFO] dota_matches_bot - Старт фонового поллера матчей
[2025-12-06 17:09:45] [INFO] dota_matches_bot - Старт ежедневного нотификатора (10:00 МСК, один раз в день)
[2025-12-06 17:09:45] [INFO] dota_matches_bot - Старт таска напоминаний о матчах
[2025-12-06 17:09:57] [INFO] dota_matches_bot - Чат 88376478 добавлен в подписчики (или уже был).
[2025-12-06 17:09:57] [INFO] dota_matches_bot - Команда /today от пользователя 88376478 в чате 88376478 для дня 2025-12-06
[2025-12-06 17:09:57] [INFO] dota_matches_bot - Запрос матчей из API: http://45.10.245.84:8050/dota/matches/06-12-2025 для дня 2025-12-06
[2025-12-06 17:09:57] [INFO] dota_matches_bot - Дедупликация: было 11 матчей, осталось 11
[2025-12-06 17:09:57] [INFO] dota_matches_bot - Команда /today: из API получено матчей: 11
[2025-12-06 17:09:58] [INFO] dota_matches_bot - Команда /today: найдено сохранённое состояние (chat_id=88376478, day=2025-12-06, excluded=-)
[2025-12-06 17:09:58] [INFO] dota_matches_bot - Команда /today: отправили today-сообщение в чате 88376478 (message_id=203, day=2025-12-06)
[2025-12-06 17:10:00] [INFO] dota_matches_bot - Состояние today-сообщения сохранено: chat_id=88376478, day=2025-12-06, message_id=203
[2025-12-06 17:10:00] [INFO] dota_matches_bot - Поллер матчей уже запущен, новую задачу не создаём
[2025-12-06 17:10:45] [INFO] dota_matches_bot - Поллер: обновляем матчи для дня 2025-12-06
[2025-12-06 17:10:45] [INFO] dota_matches_bot - Запрос матчей из API: http://45.10.245.84:8050/dota/matches/06-12-2025 для дня 2025-12-06
[2025-12-06 17:10:46] [INFO] dota_matches_bot - Дедупликация: было 11 матчей, осталось 11
[2025-12-06 17:10:46] [INFO] dota_matches_bot - Поллер: из API получено матчей: 11
[2025-12-06 17:10:47] [INFO] dota_matches_bot - Для дня 2025-12-06 найдено today-состояний: 3
[2025-12-06 17:10:47] [INFO] dota_matches_bot - Чат 177322935 / день 2025-12-06: текст не изменился, пропускаем обновление
[2025-12-06 17:10:47] [INFO] dota_matches_bot - Чат 88376478 / день 2025-12-06: текст не изменился, пропускаем обновление
[2025-12-06 17:10:47] [INFO] dota_matches_bot - Чат 590713900 / день 2025-12-06: текст не изменился, пропускаем обновление
[2025-12-06 17:11:47] [INFO] dota_matches_bot - Поллер: обновляем матчи для дня 2025-12-06
[2025-12-06 17:11:47] [INFO] dota_matches_bot - Запрос матчей из API: http://45.10.245.84:8050/dota/matches/06-12-2025 для дня 2025-12-06
[2025-12-06 17:11:47] [INFO] dota_matches_bot - Дедупликация: было 11 матчей, осталось 11
[2025-12-06 17:11:47] [INFO] dota_matches_bot - Поллер: из API получено матчей: 11
[2025-12-06 17:11:48] [INFO] dota_matches_bot - Для дня 2025-12-06 найдено today-состояний: 3
[2025-12-06 17:11:48] [INFO] dota_matches_bot - Чат 177322935 / день 2025-12-06: текст не изменился, пропускаем обновление
[2025-12-06 17:11:48] [INFO] dota_matches_bot - Чат 88376478 / день 2025-12-06: текст не изменился, пропускаем обновление
[2025-12-06 17:11:48] [INFO] dota_matches_bot - Чат 590713900 / день 2025-12-06: текст не изменился, пропускаем обновление
[2025-12-06 17:12:48] [INFO] dota_matches_bot - Поллер: обновляем матчи для дня 2025-12-06
[2025-12-06 17:12:48] [INFO] dota_matches_bot - Запрос матчей из API: http://45.10.245.84:8050/dota/matches/06-12-2025 для дня 2025-12-06
[2025-12-06 17:12:49] [INFO] dota_matches_bot - Дедупликация: было 11 матчей, осталось 11
[2025-12-06 17:12:49] [INFO] dota_matches_bot - Поллер: из API получено матчей: 11
[2025-12-06 17:12:50] [INFO] dota_matches_bot - Для дня 2025-12-06 найдено today-состояний: 3
[2025-12-06 17:12:50] [INFO] dota_matches_bot - Чат 177322935 / день 2025-12-06: текст не изменился, пропускаем обновление
[2025-12-06 17:12:50] [INFO] dota_matches_bot - Чат 88376478 / день 2025-12-06: текст не изменился, пропускаем обновление
[2025-12-06 17:12:50] [INFO] dota_matches_bot - Чат 590713900 / день 2025-12-06: текст не изменился, пропускаем обновление
[2025-12-06 17:13:26] [INFO] dota_matches_bot - Останавливаем задачу poll_task
[2025-12-06 17:13:26] [INFO] dota_matches_bot - Фоновый поллер матчей остановлен (CancelledError)
[2025-12-06 17:13:26] [INFO] dota_matches_bot - Останавливаем задачу daily_task
[2025-12-06 17:13:26] [INFO] dota_matches_bot - Ежедневный нотификатор остановлен (CancelledError)
[2025-12-06 17:13:26] [INFO] dota_matches_bot - Бот остановлен
[2025-12-06 17:13:28] [INFO] dota_matches_bot - Логирование инициализировано
[2025-12-06 17:13:28] [INFO] dota_matches_bot - MATCHES_API_BASE_URL = http://45.10.245.84:8050/dota/matches
[2025-12-06 17:13:28] [INFO] dota_matches_bot - Запуск бота...
[2025-12-06 17:13:28] [INFO] dota_matches_bot - Инициализация БД...
[2025-12-06 17:13:29] [INFO] dota_matches_bot - БД и таблицы инициализированы.
[2025-12-06 17:13:29] [INFO] dota_matches_bot - Старт фонового поллера матчей
[2025-12-06 17:13:29] [INFO] dota_matches_bot - Старт ежедневного нотификатора (10:00 МСК, один раз в день)
[2025-12-06 17:13:29] [INFO] dota_matches_bot - Старт таска напоминаний о матчах
[2025-12-06 17:13:42] [INFO] dota_matches_bot - Чат 88376478 добавлен в подписчики (или уже был).
[2025-12-06 17:13:42] [INFO] dota_matches_bot - Команда /today от пользователя 88376478 в чате 88376478 для дня 2025-12-06
[2025-12-06 17:13:42] [INFO] dota_matches_bot - Запрос матчей из API: http://45.10.245.84:8050/dota/matches/06-12-2025 для дня 2025-12-06
[2025-12-06 17:13:42] [INFO] dota_matches_bot - Дедупликация: было 11 матчей, осталось 11
[2025-12-06 17:13:42] [INFO] dota_matches_bot - Команда /today: из API получено матчей: 11
[2025-12-06 17:13:43] [INFO] dota_matches_bot - Команда /today: найдено сохранённое состояние (chat_id=88376478, day=2025-12-06, excluded=-)
[2025-12-06 17:13:44] [INFO] dota_matches_bot - Команда /today: отправили today-сообщение в чате 88376478 (message_id=205, day=2025-12-06)
[2025-12-06 17:13:45] [INFO] dota_matches_bot - Состояние today-сообщения сохранено: chat_id=88376478, day=2025-12-06, message_id=205
[2025-12-06 17:13:45] [INFO] dota_matches_bot - Поллер матчей уже запущен, новую задачу не создаём
[2025-12-06 17:14:29] [INFO] dota_matches_bot - Поллер: обновляем матчи для дня 2025-12-06
[2025-12-06 17:14:29] [INFO] dota_matches_bot - Запрос матчей из API: http://45.10.245.84:8050/dota/matches/06-12-2025 для дня 2025-12-06
[2025-12-06 17:14:30] [INFO] dota_matches_bot - Дедупликация: было 11 матчей, осталось 11
[2025-12-06 17:14:30] [INFO] dota_matches_bot - Поллер: из API получено матчей: 11
[2025-12-06 17:14:31] [INFO] dota_matches_bot - Для дня 2025-12-06 найдено today-состояний: 3
[2025-12-06 17:14:31] [INFO] dota_matches_bot - Чат 177322935 / день 2025-12-06: текст не изменился, пропускаем обновление
[2025-12-06 17:14:31] [INFO] dota_matches_bot - Чат 88376478 / день 2025-12-06: текст не изменился, пропускаем обновление
[2025-12-06 17:14:31] [INFO] dota_matches_bot - Чат 590713900 / день 2025-12-06: текст не изменился, пропускаем обновление
[2025-12-06 17:15:31] [INFO] dota_matches_bot - Поллер: обновляем матчи для дня 2025-12-06
[2025-12-06 17:15:31] [INFO] dota_matches_bot - Запрос матчей из API: http://45.10.245.84:8050/dota/matches/06-12-2025 для дня 2025-12-06
[2025-12-06 17:15:31] [INFO] dota_matches_bot - Дедупликация: было 11 матчей, осталось 11
[2025-12-06 17:15:31] [INFO] dota_matches_bot - Поллер: из API получено матчей: 11
[2025-12-06 17:15:32] [INFO] dota_matches_bot - Для дня 2025-12-06 найдено today-состояний: 3
[2025-12-06 17:15:32] [INFO] dota_matches_bot - Чат 177322935 / день 2025-12-06: текст не изменился, пропускаем обновление
[2025-12-06 17:15:32] [INFO] dota_matches_bot - Чат 88376478 / день 2025-12-06: текст не изменился, пропускаем обновление
[2025-12-06 17:15:32] [INFO] dota_matches_bot - Чат 590713900 / день 2025-12-06: текст не изменился, пропускаем обновление
[2025-12-06 17:16:32] [INFO] dota_matches_bot - Поллер: обновляем матчи для дня 2025-12-06
[2025-12-06 17:16:32] [INFO] dota_matches_bot - Запрос матчей из API: http://45.10.245.84:8050/dota/matches/06-12-2025 для дня 2025-12-06
[2025-12-06 17:16:33] [INFO] dota_matches_bot - Дедупликация: было 11 матчей, осталось 11
[2025-12-06 17:16:33] [INFO] dota_matches_bot - Поллер: из API получено матчей: 11
[2025-12-06 17:16:34] [INFO] dota_matches_bot - Для дня 2025-12-06 найдено today-состояний: 3
[2025-12-06 17:16:34] [INFO] dota_matches_bot - Чат 177322935 / день 2025-12-06: текст не изменился, пропускаем обновление
[2025-12-06 17:16:34] [INFO] dota_matches_bot - Чат 88376478 / день 2025-12-06: текст не изменился, пропускаем обновление
[2025-12-06 17:16:34] [INFO] dota_matches_bot - Чат 590713900 / день 2025-12-06: текст не изменился, пропускаем обновление
[2025-12-06 17:16:34] [INFO] dota_matches_bot - Останавливаем задачу poll_task
[2025-12-06 17:16:34] [INFO] dota_matches_bot - Фоновый поллер матчей остановлен (CancelledError)
[2025-12-06 17:16:34] [INFO] dota_matches_bot - Останавливаем задачу daily_task
[2025-12-06 17:16:34] [INFO] dota_matches_bot - Ежедневный нотификатор остановлен (CancelledError)
[2025-12-06 17:16:34] [INFO] dota_matches_bot - Бот остановлен
[2025-12-06 17:16:37] [INFO] dota_matches_bot - Логирование инициализировано
[2025-12-06 17:16:37] [INFO] dota_matches_bot - MATCHES_API_BASE_URL = http://45.10.245.84:8050/dota/matches
[2025-12-06 17:16:37] [INFO] dota_matches_bot - Запуск бота...
[2025-12-06 17:16:37] [INFO] dota_matches_bot - Инициализация БД...
[2025-12-06 17:16:39] [INFO] dota_matches_bot - БД и таблицы инициализированы.
[2025-12-06 17:16:39] [INFO] dota_matches_bot - Старт фонового поллера матчей
[2025-12-06 17:16:39] [INFO] dota_matches_bot - Старт ежедневного нотификатора (10:00 МСК, один раз в день)
[2025-12-06 17:16:39] [INFO] dota_matches_bot - Старт таска напоминаний о матчах
[2025-12-06 17:17:01] [INFO] dota_matches_bot - Запрос матчей из API: http://45.10.245.84:8050/dota/matches/06-12-2025 для дня 2025-12-06
[2025-12-06 17:17:02] [INFO] dota_matches_bot - Дедупликация: было 11 матчей, осталось 11
[2025-12-06 17:17:03] [INFO] dota_matches_bot - Состояние today-сообщения сохранено: chat_id=88376478, day=2025-12-06, message_id=205
[2025-12-06 17:17:03] [INFO] dota_matches_bot - Фильтр турниров: обновили today-сообщение в чате 88376478 (message_id=205, day=2025-12-06, excluded=Stampede Champions S1 - Round 3)
[2025-12-06 17:17:04] [INFO] dota_matches_bot - Запрос матчей из API: http://45.10.245.84:8050/dota/matches/06-12-2025 для дня 2025-12-06
[2025-12-06 17:17:05] [INFO] dota_matches_bot - Дедупликация: было 11 матчей, осталось 11
[2025-12-06 17:17:06] [INFO] dota_matches_bot - Состояние today-сообщения сохранено: chat_id=88376478, day=2025-12-06, message_id=205
[2025-12-06 17:17:06] [INFO] dota_matches_bot - Фильтр турниров: обновили today-сообщение в чате 88376478 (message_id=205, day=2025-12-06, excluded=RESF Open Cup 2025, Stampede Champions S1 - Round 3)
[2025-12-06 17:17:08] [INFO] dota_matches_bot - Запрос матчей из API: http://45.10.245.84:8050/dota/matches/06-12-2025 для дня 2025-12-06
[2025-12-06 17:17:08] [INFO] dota_matches_bot - Дедупликация: было 11 матчей, осталось 11
[2025-12-06 17:17:10] [INFO] dota_matches_bot - Состояние today-сообщения сохранено: chat_id=88376478, day=2025-12-06, message_id=205
[2025-12-06 17:17:10] [INFO] dota_matches_bot - Фильтр турниров: обновили today-сообщение в чате 88376478 (message_id=205, day=2025-12-06, excluded=RESF Open Cup 2025)
[2025-12-06 17:17:12] [INFO] dota_matches_bot - Запрос матчей из API: http://45.10.245.84:8050/dota/matches/06-12-2025 для дня 2025-12-06
[2025-12-06 17:17:12] [INFO] dota_matches_bot - Дедупликация: было 11 матчей, осталось 11
[2025-12-06 17:17:14] [INFO] dota_matches_bot - Состояние today-сообщения сохранено: chat_id=88376478, day=2025-12-06, message_id=205
[2025-12-06 17:17:14] [INFO] dota_matches_bot - Фильтр турниров: обновили today-сообщение в чате 88376478 (message_id=205, day=2025-12-06, excluded=-)
[2025-12-06 17:17:16] [INFO] dota_matches_bot - Чат 88376478 добавлен в подписчики (или уже был).
[2025-12-06 17:17:16] [INFO] dota_matches_bot - Команда /today от пользователя 88376478 в чате 88376478 для дня 2025-12-06
[2025-12-06 17:17:16] [INFO] dota_matches_bot - Запрос матчей из API: http://45.10.245.84:8050/dota/matches/06-12-2025 для дня 2025-12-06
[2025-12-06 17:17:16] [INFO] dota_matches_bot - Дедупликация: было 11 матчей, осталось 11
[2025-12-06 17:17:16] [INFO] dota_matches_bot - Команда /today: из API получено матчей: 11
[2025-12-06 17:17:18] [INFO] dota_matches_bot - Команда /today: найдено сохранённое состояние (chat_id=88376478, day=2025-12-06, excluded=-)
[2025-12-06 17:17:18] [INFO] dota_matches_bot - Команда /today: отправили today-сообщение в чате 88376478 (message_id=207, day=2025-12-06)
[2025-12-06 17:17:19] [INFO] dota_matches_bot - Состояние today-сообщения сохранено: chat_id=88376478, day=2025-12-06, message_id=207
[2025-12-06 17:17:19] [INFO] dota_matches_bot - Поллер матчей уже запущен, новую задачу не создаём
[2025-12-06 17:17:39] [INFO] dota_matches_bot - Поллер: обновляем матчи для дня 2025-12-06
[2025-12-06 17:17:39] [INFO] dota_matches_bot - Запрос матчей из API: http://45.10.245.84:8050/dota/matches/06-12-2025 для дня 2025-12-06
[2025-12-06 17:17:39] [INFO] dota_matches_bot - Дедупликация: было 11 матчей, осталось 11
[2025-12-06 17:17:39] [INFO] dota_matches_bot - Поллер: из API получено матчей: 11
[2025-12-06 17:17:40] [INFO] dota_matches_bot - Для дня 2025-12-06 найдено today-состояний: 3
[2025-12-06 17:17:40] [INFO] dota_matches_bot - Чат 177322935 / день 2025-12-06: текст не изменился, пропускаем обновление
[2025-12-06 17:17:40] [INFO] dota_matches_bot - Чат 88376478 / день 2025-12-06: текст не изменился, пропускаем обновление
[2025-12-06 17:17:40] [INFO] dota_matches_bot - Чат 590713900 / день 2025-12-06: текст не изменился, пропускаем обновление
[2025-12-06 17:18:40] [INFO] dota_matches_bot - Поллер: обновляем матчи для дня 2025-12-06
[2025-12-06 17:18:40] [INFO] dota_matches_bot - Запрос матчей из API: http://45.10.245.84:8050/dota/matches/06-12-2025 для дня 2025-12-06
[2025-12-06 17:18:40] [INFO] dota_matches_bot - Дедупликация: было 11 матчей, осталось 11
[2025-12-06 17:18:40] [INFO] dota_matches_bot - Поллер: из API получено матчей: 11
[2025-12-06 17:18:42] [INFO] dota_matches_bot - Для дня 2025-12-06 найдено today-состояний: 3
[2025-12-06 17:18:42] [INFO] dota_matches_bot - Чат 177322935 / день 2025-12-06: текст не изменился, пропускаем обновление
[2025-12-06 17:18:42] [INFO] dota_matches_bot - Чат 88376478 / день 2025-12-06: текст не изменился, пропускаем обновление
[2025-12-06 17:18:42] [INFO] dota_matches_bot - Чат 590713900 / день 2025-12-06: текст не изменился, пропускаем обновление
[2025-12-06 17:19:42] [INFO] dota_matches_bot - Поллер: обновляем матчи для дня 2025-12-06
[2025-12-06 17:19:42] [INFO] dota_matches_bot - Запрос матчей из API: http://45.10.245.84:8050/dota/matches/06-12-2025 для дня 2025-12-06
[2025-12-06 17:19:42] [INFO] dota_matches_bot - Дедупликация: было 11 матчей, осталось 11
[2025-12-06 17:19:42] [INFO] dota_matches_bot - Поллер: из API получено матчей: 11
[2025-12-06 17:19:43] [INFO] dota_matches_bot - Для дня 2025-12-06 найдено today-состояний: 3
[2025-12-06 17:19:43] [INFO] dota_matches_bot - Чат 177322935 / день 2025-12-06: текст не изменился, пропускаем обновление
[2025-12-06 17:19:43] [INFO] dota_matches_bot - Чат 88376478 / день 2025-12-06: текст не изменился, пропускаем обновление
[2025-12-06 17:19:43] [INFO] dota_matches_bot - Чат 590713900 / день 2025-12-06: текст не изменился, пропускаем обновление
[2025-12-06 17:20:43] [INFO] dota_matches_bot - Поллер: обновляем матчи для дня 2025-12-06
[2025-12-06 17:20:43] [INFO] dota_matches_bot - Запрос матчей из API: http://45.10.245.84:8050/dota/matches/06-12-2025 для дня 2025-12-06
[2025-12-06 17:20:44] [INFO] dota_matches_bot - Дедупликация: было 11 матчей, осталось 11
[2025-12-06 17:20:44] [INFO] dota_matches_bot - Поллер: из API получено матчей: 11
[2025-12-06 17:20:45] [INFO] dota_matches_bot - Для дня 2025-12-06 найдено today-состояний: 3
[2025-12-06 17:20:45] [INFO] dota_matches_bot - Чат 177322935 / день 2025-12-06: текст не изменился, пропускаем обновление
[2025-12-06 17:20:45] [INFO] dota_matches_bot - Чат 88376478 / день 2025-12-06: текст не изменился, пропускаем обновление
[2025-12-06 17:20:45] [INFO] dota_matches_bot - Чат 590713900 / день 2025-12-06: текст не изменился, пропускаем обновление
[2025-12-06 17:21:45] [INFO] dota_matches_bot - Поллер: обновляем матчи для дня 2025-12-06
[2025-12-06 17:21:45] [INFO] dota_matches_bot - Запрос матчей из API: http://45.10.245.84:8050/dota/matches/06-12-2025 для дня 2025-12-06
[2025-12-06 17:21:46] [INFO] dota_matches_bot - Дедупликация: было 11 матчей, осталось 11
[2025-12-06 17:21:46] [INFO] dota_matches_bot - Поллер: из API получено матчей: 11
[2025-12-06 17:21:47] [INFO] dota_matches_bot - Для дня 2025-12-06 найдено today-состояний: 3
[2025-12-06 17:21:47] [INFO] dota_matches_bot - Чат 177322935 / день 2025-12-06: текст не изменился, пропускаем обновление
[2025-12-06 17:21:47] [INFO] dota_matches_bot - Чат 88376478 / день 2025-12-06: текст не изменился, пропускаем обновление
[2025-12-06 17:21:47] [INFO] dota_matches_bot - Чат 590713900 / день 2025-12-06: текст не изменился, пропускаем обновление
[2025-12-06 17:22:47] [INFO] dota_matches_bot - Поллер: обновляем матчи для дня 2025-12-06
[2025-12-06 17:22:47] [INFO] dota_matches_bot - Запрос матчей из API: http://45.10.245.84:8050/dota/matches/06-12-2025 для дня 2025-12-06
[2025-12-06 17:22:47] [INFO] dota_matches_bot - Дедупликация: было 11 матчей, осталось 11
[2025-12-06 17:22:47] [INFO] dota_matches_bot - Поллер: из API получено матчей: 11
[2025-12-06 17:22:48] [INFO] dota_matches_bot - Для дня 2025-12-06 найдено today-состояний: 3
[2025-12-06 17:22:48] [INFO] dota_matches_bot - Чат 177322935 / день 2025-12-06: текст не изменился, пропускаем обновление
[2025-12-06 17:22:48] [INFO] dota_matches_bot - Чат 88376478 / день 2025-12-06: текст не изменился, пропускаем обновление
[2025-12-06 17:22:48] [INFO] dota_matches_bot - Чат 590713900 / день 2025-12-06: текст не изменился, пропускаем обновление
[2025-12-06 17:23:48] [INFO] dota_matches_bot - Поллер: обновляем матчи для дня 2025-12-06
[2025-12-06 17:23:48] [INFO] dota_matches_bot - Запрос матчей из API: http://45.10.245.84:8050/dota/matches/06-12-2025 для дня 2025-12-06
[2025-12-06 17:23:49] [INFO] dota_matches_bot - Дедупликация: было 11 матчей, осталось 11
[2025-12-06 17:23:49] [INFO] dota_matches_bot - Поллер: из API получено матчей: 11
[2025-12-06 17:23:50] [INFO] dota_matches_bot - Для дня 2025-12-06 найдено today-состояний: 3
[2025-12-06 17:23:50] [INFO] dota_matches_bot - Чат 177322935 / день 2025-12-06: текст не изменился, пропускаем обновление
[2025-12-06 17:23:50] [INFO] dota_matches_bot - Чат 88376478 / день 2025-12-06: текст не изменился, пропускаем обновление
[2025-12-06 17:23:50] [INFO] dota_matches_bot - Чат 590713900 / день 2025-12-06: текст не изменился, пропускаем обновление
[2025-12-06 17:24:50] [INFO] dota_matches_bot - Поллер: обновляем матчи для дня 2025-12-06
[2025-12-06 17:24:50] [INFO] dota_matches_bot - Запрос матчей из API: http://45.10.245.84:8050/dota/matches/06-12-2025 для дня 2025-12-06
[2025-12-06 17:24:50] [INFO] dota_matches_bot - Дедупликация: было 11 матчей, осталось 11
[2025-12-06 17:24:50] [INFO] dota_matches_bot - Поллер: из API получено матчей: 11
[2025-12-06 17:24:51] [INFO] dota_matches_bot - Для дня 2025-12-06 найдено today-состояний: 3
[2025-12-06 17:24:51] [INFO] dota_matches_bot - Чат 177322935 / день 2025-12-06: текст не изменился, пропускаем обновление
[2025-12-06 17:24:51] [INFO] dota_matches_bot - Чат 88376478 / день 2025-12-06: текст не изменился, пропускаем обновление
[2025-12-06 17:24:51] [INFO] dota_matches_bot - Чат 590713900 / день 2025-12-06: текст не изменился, пропускаем обновление
[2025-12-06 17:25:51] [INFO] dota_matches_bot - Поллер: обновляем матчи для дня 2025-12-06
[2025-12-06 17:25:51] [INFO] dota_matches_bot - Запрос матчей из API: http://45.10.245.84:8050/dota/matches/06-12-2025 для дня 2025-12-06
[2025-12-06 17:25:52] [INFO] dota_matches_bot - Дедупликация: было 11 матчей, осталось 11
[2025-12-06 17:25:52] [INFO] dota_matches_bot - Поллер: из API получено матчей: 11
[2025-12-06 17:25:53] [INFO] dota_matches_bot - Для дня 2025-12-06 найдено today-состояний: 3
[2025-12-06 17:25:53] [INFO] dota_matches_bot - Чат 177322935 / день 2025-12-06: текст не изменился, пропускаем обновление
[2025-12-06 17:25:53] [INFO] dota_matches_bot - Чат 88376478 / день 2025-12-06: текст не изменился, пропускаем обновление
[2025-12-06 17:25:53] [INFO] dota_matches_bot - Чат 590713900 / день 2025-12-06: текст не изменился, пропускаем обновление
[2025-12-06 17:26:53] [INFO] dota_matches_bot - Поллер: обновляем матчи для дня 2025-12-06
[2025-12-06 17:26:53] [INFO] dota_matches_bot - Запрос матчей из API: http://45.10.245.84:8050/dota/matches/06-12-2025 для дня 2025-12-06
[2025-12-06 17:26:53] [INFO] dota_matches_bot - Дедупликация: было 11 матчей, осталось 11
[2025-12-06 17:26:53] [INFO] dota_matches_bot - Поллер: из API получено матчей: 11
[2025-12-06 17:26:54] [INFO] dota_matches_bot - Для дня 2025-12-06 найдено today-состояний: 3
[2025-12-06 17:26:54] [INFO] dota_matches_bot - Чат 177322935 / день 2025-12-06: текст не изменился, пропускаем обновление
[2025-12-06 17:26:54] [INFO] dota_matches_bot - Чат 88376478 / день 2025-12-06: текст не изменился, пропускаем обновление
[2025-12-06 17:26:54] [INFO] dota_matches_bot - Чат 590713900 / день 2025-12-06: текст не изменился, пропускаем обновление
[2025-12-06 17:27:54] [INFO] dota_matches_bot - Поллер: обновляем матчи для дня 2025-12-06
[2025-12-06 17:27:54] [INFO] dota_matches_bot - Запрос матчей из API: http://45.10.245.84:8050/dota/matches/06-12-2025 для дня 2025-12-06
[2025-12-06 17:27:55] [INFO] dota_matches_bot - Дедупликация: было 11 матчей, осталось 11
[2025-12-06 17:27:55] [INFO] dota_matches_bot - Поллер: из API получено матчей: 11
[2025-12-06 17:27:56] [INFO] dota_matches_bot - Для дня 2025-12-06 найдено today-состояний: 3
[2025-12-06 17:27:56] [INFO] dota_matches_bot - Чат 177322935 / день 2025-12-06: текст не изменился, пропускаем обновление
[2025-12-06 17:27:56] [INFO] dota_matches_bot - Чат 88376478 / день 2025-12-06: текст не изменился, пропускаем обновление
[2025-12-06 17:27:56] [INFO] dota_matches_bot - Чат 590713900 / день 2025-12-06: текст не изменился, пропускаем обновление
[2025-12-06 17:28:56] [INFO] dota_matches_bot - Поллер: обновляем матчи для дня 2025-12-06
[2025-12-06 17:28:56] [INFO] dota_matches_bot - Запрос матчей из API: http://45.10.245.84:8050/dota/matches/06-12-2025 для дня 2025-12-06
[2025-12-06 17:28:56] [INFO] dota_matches_bot - Дедупликация: было 11 матчей, осталось 11
[2025-12-06 17:28:56] [INFO] dota_matches_bot - Поллер: из API получено матчей: 11
[2025-12-06 17:28:58] [INFO] dota_matches_bot - Для дня 2025-12-06 найдено today-состояний: 3
[2025-12-06 17:28:58] [INFO] dota_matches_bot - Чат 177322935 / день 2025-12-06: текст не изменился, пропускаем обновление
[2025-12-06 17:28:58] [INFO] dota_matches_bot - Чат 88376478 / день 2025-12-06: текст не изменился, пропускаем обновление
[2025-12-06 17:28:58] [INFO] dota_matches_bot - Чат 590713900 / день 2025-12-06: текст не изменился, пропускаем обновление
[2025-12-06 17:29:58] [INFO] dota_matches_bot - Поллер: обновляем матчи для дня 2025-12-06
[2025-12-06 17:29:58] [INFO] dota_matches_bot - Запрос матчей из API: http://45.10.245.84:8050/dota/matches/06-12-2025 для дня 2025-12-06
[2025-12-06 17:29:58] [INFO] dota_matches_bot - Дедупликация: было 11 матчей, осталось 11
[2025-12-06 17:29:58] [INFO] dota_matches_bot - Поллер: из API получено матчей: 11
[2025-12-06 17:29:59] [INFO] dota_matches_bot - Для дня 2025-12-06 найдено today-состояний: 3
[2025-12-06 17:29:59] [INFO] dota_matches_bot - Чат 177322935 / день 2025-12-06: текст не изменился, пропускаем обновление
[2025-12-06 17:29:59] [INFO] dota_matches_bot - Чат 88376478 / день 2025-12-06: текст не изменился, пропускаем обновление
[2025-12-06 17:29:59] [INFO] dota_matches_bot - Чат 590713900 / день 2025-12-06: текст не изменился, пропускаем обновление
[2025-12-06 17:30:26] [INFO] dota_matches_bot - Останавливаем задачу poll_task
[2025-12-06 17:30:26] [INFO] dota_matches_bot - Фоновый поллер матчей остановлен (CancelledError)
[2025-12-06 17:30:26] [INFO] dota_matches_bot - Останавливаем задачу daily_task
[2025-12-06 17:30:26] [INFO] dota_matches_bot - Ежедневный нотификатор остановлен (CancelledError)
[2025-12-06 17:30:26] [INFO] dota_matches_bot - Бот остановлен
[2025-12-06 17:30:55] [INFO] dota_matches_bot - Логирование инициализировано
[2025-12-06 17:30:55] [INFO] dota_matches_bot - MATCHES_API_BASE_URL = http://45.10.245.84:8050/dota/matches
[2025-12-06 17:30:55] [INFO] dota_matches_bot - Запуск бота...
[2025-12-06 17:30:55] [INFO] dota_matches_bot - Инициализация БД...
[2025-12-06 17:30:56] [INFO] dota_matches_bot - БД и таблицы инициализированы.
[2025-12-06 17:30:56] [INFO] dota_matches_bot - Старт фонового поллера матчей
[2025-12-06 17:30:56] [INFO] dota_matches_bot - Старт ежедневного нотификатора (10:00 МСК, один раз в день)
[2025-12-06 17:30:56] [INFO] dota_matches_bot - Старт таска напоминаний о матчах
[2025-12-06 17:31:20] [INFO] dota_matches_bot - Чат 88376478 добавлен в подписчики (или уже был).
[2025-12-06 17:31:20] [INFO] dota_matches_bot - Команда /today от пользователя 88376478 в чате 88376478 для дня 2025-12-06
[2025-12-06 17:31:20] [INFO] dota_matches_bot - Запрос матчей из API: http://45.10.245.84:8050/dota/matches/06-12-2025 для дня 2025-12-06
[2025-12-06 17:31:21] [INFO] dota_matches_bot - Дедупликация: было 11 матчей, осталось 11
[2025-12-06 17:31:21] [INFO] dota_matches_bot - Команда /today: из API получено матчей: 11
[2025-12-06 17:31:22] [INFO] dota_matches_bot - Команда /today: найдено сохранённое состояние (chat_id=88376478, day=2025-12-06, excluded=-)
[2025-12-06 17:31:22] [INFO] dota_matches_bot - Команда /today: отправили today-сообщение в чате 88376478 (message_id=209, day=2025-12-06)
[2025-12-06 17:31:24] [INFO] dota_matches_bot - Состояние today-сообщения сохранено: chat_id=88376478, day=2025-12-06, message_id=209
[2025-12-06 17:31:24] [INFO] dota_matches_bot - Поллер матчей уже запущен, новую задачу не создаём
[2025-12-06 17:31:24] [INFO] dota_matches_bot - Запрос матчей из API: http://45.10.245.84:8050/dota/matches/06-12-2025 для дня 2025-12-06
[2025-12-06 17:31:25] [INFO] dota_matches_bot - Дедупликация: было 11 матчей, осталось 11
[2025-12-06 17:31:25] [INFO] dota_matches_bot - Пользователь 88376478 запросил напоминание про матч ID_GovSLuT6N9_0002 (MW vs WB) в 2025-12-06 18:00:00+03:00
[2025-12-06 17:31:29] [INFO] dota_matches_bot - Запрос матчей из API: http://45.10.245.84:8050/dota/matches/06-12-2025 для дня 2025-12-06
[2025-12-06 17:31:29] [INFO] dota_matches_bot - Дедупликация: было 11 матчей, осталось 11
[2025-12-06 17:31:31] [INFO] dota_matches_bot - Состояние today-сообщения сохранено: chat_id=88376478, day=2025-12-06, message_id=209
[2025-12-06 17:31:31] [INFO] dota_matches_bot - Фильтр турниров: обновили today-сообщение в чате 88376478 (message_id=209, day=2025-12-06, excluded=Stampede Champions S1 - Round 3)
[2025-12-06 17:31:33] [INFO] dota_matches_bot - Запрос матчей из API: http://45.10.245.84:8050/dota/matches/06-12-2025 для дня 2025-12-06
[2025-12-06 17:31:33] [INFO] dota_matches_bot - Дедупликация: было 11 матчей, осталось 11
[2025-12-06 17:31:34] [INFO] dota_matches_bot - Состояние today-сообщения сохранено: chat_id=88376478, day=2025-12-06, message_id=209
[2025-12-06 17:31:34] [INFO] dota_matches_bot - Фильтр турниров: обновили today-сообщение в чате 88376478 (message_id=209, day=2025-12-06, excluded=-)
[2025-12-06 17:31:56] [INFO] dota_matches_bot - Поллер: обновляем матчи для дня 2025-12-06
[2025-12-06 17:31:56] [INFO] dota_matches_bot - Запрос матчей из API: http://45.10.245.84:8050/dota/matches/06-12-2025 для дня 2025-12-06
[2025-12-06 17:31:57] [INFO] dota_matches_bot - Дедупликация: было 11 матчей, осталось 11
[2025-12-06 17:31:57] [INFO] dota_matches_bot - Поллер: из API получено матчей: 11
[2025-12-06 17:31:58] [INFO] dota_matches_bot - Для дня 2025-12-06 найдено today-состояний: 3
[2025-12-06 17:31:58] [INFO] dota_matches_bot - Чат 177322935 / день 2025-12-06: текст не изменился, пропускаем обновление
[2025-12-06 17:31:58] [INFO] dota_matches_bot - Чат 88376478 / день 2025-12-06: текст не изменился, пропускаем обновление
[2025-12-06 17:31:58] [INFO] dota_matches_bot - Чат 590713900 / день 2025-12-06: текст не изменился, пропускаем обновление
[2025-12-06 17:32:00] [INFO] dota_matches_bot - Останавливаем задачу poll_task
[2025-12-06 17:32:00] [INFO] dota_matches_bot - Фоновый поллер матчей остановлен (CancelledError)
[2025-12-06 17:32:00] [INFO] dota_matches_bot - Останавливаем задачу daily_task
[2025-12-06 17:32:00] [INFO] dota_matches_bot - Ежедневный нотификатор остановлен (CancelledError)
[2025-12-06 17:32:00] [INFO] dota_matches_bot - Бот остановлен
[2025-12-06 19:41:58] [INFO] dota_matches_bot - Логирование инициализировано
[2025-12-06 19:41:58] [INFO] dota_matches_bot - MATCHES_API_BASE_URL = http://45.10.245.84:8050/dota/matches
[2025-12-06 19:41:58] [INFO] dota_matches_bot - Запуск бота...
[2025-12-06 19:41:58] [INFO] dota_matches_bot - Инициализация БД...
[2025-12-06 19:41:59] [INFO] dota_matches_bot - БД и таблицы инициализированы.
[2025-12-06 19:41:59] [INFO] dota_matches_bot - Старт фонового поллера матчей
[2025-12-06 19:41:59] [INFO] dota_matches_bot - Старт ежедневного нотификатора (10:00 МСК, один раз в день)
[2025-12-06 19:41:59] [INFO] dota_matches_bot - Старт таска напоминаний о матчах
[2025-12-06 19:42:08] [INFO] dota_matches_bot - Чат 88376478 добавлен в подписчики (или уже был).
[2025-12-06 19:42:08] [INFO] dota_matches_bot - Команда /today от пользователя 88376478 в чате 88376478 для дня 2025-12-06
[2025-12-06 19:42:08] [INFO] dota_matches_bot - Запрос матчей из API: http://45.10.245.84:8050/dota/matches/06-12-2025 для дня 2025-12-06
[2025-12-06 19:42:10] [INFO] dota_matches_bot - Дедупликация: было 11 матчей, осталось 11
[2025-12-06 19:42:10] [INFO] dota_matches_bot - Команда /today: из API получено матчей: 11
[2025-12-06 19:42:11] [INFO] dota_matches_bot - Команда /today: найдено сохранённое состояние (chat_id=88376478, day=2025-12-06, excluded=-)
[2025-12-06 19:42:12] [INFO] dota_matches_bot - Команда /today: отправили today-сообщение в чате 88376478 (message_id=215, day=2025-12-06)
[2025-12-06 19:42:13] [INFO] dota_matches_bot - Состояние today-сообщения сохранено: chat_id=88376478, day=2025-12-06, message_id=215
[2025-12-06 19:42:13] [INFO] dota_matches_bot - Поллер матчей уже запущен, новую задачу не создаём
[2025-12-06 19:42:13] [INFO] dota_matches_bot - Запрос матчей из API: http://45.10.245.84:8050/dota/matches/06-12-2025 для дня 2025-12-06
[2025-12-06 19:42:13] [INFO] dota_matches_bot - Дедупликация: было 11 матчей, осталось 11
[2025-12-06 19:42:15] [INFO] dota_matches_bot - Пользователь 88376478 поставил напоминание про матч ID_GovSLuT6N9_0002 (MW vs WB) на 2025-12-06 18:00:00+03:00 (создано=True)
[2025-12-06 19:42:21] [INFO] dota_matches_bot - Отправили напоминание 1 в чат 88376478 про MW vs WB (ID_GovSLuT6N9_0002)
[2025-12-06 19:42:59] [INFO] dota_matches_bot - Поллер: обновляем матчи для дня 2025-12-06
[2025-12-06 19:42:59] [INFO] dota_matches_bot - Запрос матчей из API: http://45.10.245.84:8050/dota/matches/06-12-2025 для дня 2025-12-06
[2025-12-06 19:43:00] [INFO] dota_matches_bot - Дедупликация: было 11 матчей, осталось 11
[2025-12-06 19:43:00] [INFO] dota_matches_bot - Поллер: из API получено матчей: 11
[2025-12-06 19:43:01] [INFO] dota_matches_bot - Для дня 2025-12-06 найдено today-состояний: 3
[2025-12-06 19:43:01] [INFO] dota_matches_bot - Чат 177322935 / день 2025-12-06: текст не изменился, пропускаем обновление
[2025-12-06 19:43:01] [INFO] dota_matches_bot - Чат 88376478 / день 2025-12-06: текст не изменился, пропускаем обновление
[2025-12-06 19:43:01] [INFO] dota_matches_bot - Чат 590713900 / день 2025-12-06: текст не изменился, пропускаем обновление
[2025-12-06 19:44:01] [INFO] dota_matches_bot - Поллер: обновляем матчи для дня 2025-12-06
[2025-12-06 19:44:01] [INFO] dota_matches_bot - Запрос матчей из API: http://45.10.245.84:8050/dota/matches/06-12-2025 для дня 2025-12-06
[2025-12-06 19:44:02] [INFO] dota_matches_bot - Дедупликация: было 11 матчей, осталось 11
[2025-12-06 19:44:02] [INFO] dota_matches_bot - Поллер: из API получено матчей: 11
[2025-12-06 19:44:03] [INFO] dota_matches_bot - Для дня 2025-12-06 найдено today-состояний: 3
[2025-12-06 19:44:03] [INFO] dota_matches_bot - Чат 177322935 / день 2025-12-06: текст не изменился, пропускаем обновление
[2025-12-06 19:44:03] [INFO] dota_matches_bot - Чат 88376478 / день 2025-12-06: текст не изменился, пропускаем обновление
[2025-12-06 19:44:03] [INFO] dota_matches_bot - Чат 590713900 / день 2025-12-06: текст не изменился, пропускаем обновление
[2025-12-06 19:44:12] [INFO] dota_matches_bot - Запрос матчей из API: http://45.10.245.84:8050/dota/matches/06-12-2025 для дня 2025-12-06
[2025-12-06 19:44:12] [INFO] dota_matches_bot - Дедупликация: было 11 матчей, осталось 11
[2025-12-06 19:44:14] [INFO] dota_matches_bot - Пользователь 88376478 поставил напоминание про матч ID_GovSLuT6N9_0002 (MW vs WB) на 2025-12-06 18:00:00+03:00 (создано=False)
[2025-12-06 19:45:03] [INFO] dota_matches_bot - Поллер: обновляем матчи для дня 2025-12-06
[2025-12-06 19:45:03] [INFO] dota_matches_bot - Запрос матчей из API: http://45.10.245.84:8050/dota/matches/06-12-2025 для дня 2025-12-06
[2025-12-06 19:45:03] [INFO] dota_matches_bot - Дедупликация: было 11 матчей, осталось 11
[2025-12-06 19:45:03] [INFO] dota_matches_bot - Поллер: из API получено матчей: 11
[2025-12-06 19:45:05] [INFO] dota_matches_bot - Для дня 2025-12-06 найдено today-состояний: 3
[2025-12-06 19:45:05] [INFO] dota_matches_bot - Чат 177322935 / день 2025-12-06: текст не изменился, пропускаем обновление
[2025-12-06 19:45:05] [INFO] dota_matches_bot - Чат 88376478 / день 2025-12-06: текст не изменился, пропускаем обновление
[2025-12-06 19:45:05] [INFO] dota_matches_bot - Чат 590713900 / день 2025-12-06: текст не изменился, пропускаем обновление
[2025-12-06 19:46:05] [INFO] dota_matches_bot - Поллер: обновляем матчи для дня 2025-12-06
[2025-12-06 19:46:05] [INFO] dota_matches_bot - Запрос матчей из API: http://45.10.245.84:8050/dota/matches/06-12-2025 для дня 2025-12-06
[2025-12-06 19:46:05] [INFO] dota_matches_bot - Дедупликация: было 11 матчей, осталось 11
[2025-12-06 19:46:05] [INFO] dota_matches_bot - Поллер: из API получено матчей: 11
[2025-12-06 19:46:06] [INFO] dota_matches_bot - Для дня 2025-12-06 найдено today-состояний: 3
[2025-12-06 19:46:06] [INFO] dota_matches_bot - Чат 177322935 / день 2025-12-06: текст не изменился, пропускаем обновление
[2025-12-06 19:46:06] [INFO] dota_matches_bot - Чат 88376478 / день 2025-12-06: текст не изменился, пропускаем обновление
[2025-12-06 19:46:06] [INFO] dota_matches_bot - Чат 590713900 / день 2025-12-06: текст не изменился, пропускаем обновление
[2025-12-06 19:47:06] [INFO] dota_matches_bot - Поллер: обновляем матчи для дня 2025-12-06
[2025-12-06 19:47:06] [INFO] dota_matches_bot - Запрос матчей из API: http://45.10.245.84:8050/dota/matches/06-12-2025 для дня 2025-12-06
[2025-12-06 19:47:07] [INFO] dota_matches_bot - Дедупликация: было 11 матчей, осталось 11
[2025-12-06 19:47:07] [INFO] dota_matches_bot - Поллер: из API получено матчей: 11
[2025-12-06 19:47:08] [INFO] dota_matches_bot - Для дня 2025-12-06 найдено today-состояний: 3
[2025-12-06 19:47:08] [INFO] dota_matches_bot - Чат 177322935 / день 2025-12-06: текст не изменился, пропускаем обновление
[2025-12-06 19:47:08] [INFO] dota_matches_bot - Чат 88376478 / день 2025-12-06: текст не изменился, пропускаем обновление
[2025-12-06 19:47:08] [INFO] dota_matches_bot - Чат 590713900 / день 2025-12-06: текст не изменился, пропускаем обновление
[2025-12-06 19:48:08] [INFO] dota_matches_bot - Поллер: обновляем матчи для дня 2025-12-06
[2025-12-06 19:48:08] [INFO] dota_matches_bot - Запрос матчей из API: http://45.10.245.84:8050/dota/matches/06-12-2025 для дня 2025-12-06
[2025-12-06 19:48:09] [INFO] dota_matches_bot - Дедупликация: было 0 матчей, осталось 0
[2025-12-06 19:48:09] [INFO] dota_matches_bot - Поллер: из API получено матчей: 0
[2025-12-06 19:49:09] [INFO] dota_matches_bot - Поллер: обновляем матчи для дня 2025-12-06
[2025-12-06 19:49:09] [INFO] dota_matches_bot - Запрос матчей из API: http://45.10.245.84:8050/dota/matches/06-12-2025 для дня 2025-12-06
[2025-12-06 19:49:15] [INFO] dota_matches_bot - Дедупликация: было 0 матчей, осталось 0
[2025-12-06 19:49:15] [INFO] dota_matches_bot - Поллер: из API получено матчей: 0
[2025-12-06 19:50:15] [INFO] dota_matches_bot - Поллер: обновляем матчи для дня 2025-12-06
[2025-12-06 19:50:15] [INFO] dota_matches_bot - Запрос матчей из API: http://45.10.245.84:8050/dota/matches/06-12-2025 для дня 2025-12-06
[2025-12-06 19:50:15] [INFO] dota_matches_bot - Дедупликация: было 0 матчей, осталось 0
[2025-12-06 19:50:15] [INFO] dota_matches_bot - Поллер: из API получено матчей: 0
[2025-12-06 19:51:15] [INFO] dota_matches_bot - Поллер: обновляем матчи для дня 2025-12-06
[2025-12-06 19:51:15] [INFO] dota_matches_bot - Запрос матчей из API: http://45.10.245.84:8050/dota/matches/06-12-2025 для дня 2025-12-06
[2025-12-06 19:51:16] [INFO] dota_matches_bot - Дедупликация: было 0 матчей, осталось 0
[2025-12-06 19:51:16] [INFO] dota_matches_bot - Поллер: из API получено матчей: 0
[2025-12-06 19:52:16] [INFO] dota_matches_bot - Поллер: обновляем матчи для дня 2025-12-06
[2025-12-06 19:52:16] [INFO] dota_matches_bot - Запрос матчей из API: http://45.10.245.84:8050/dota/matches/06-12-2025 для дня 2025-12-06
[2025-12-06 19:52:16] [INFO] dota_matches_bot - Дедупликация: было 0 матчей, осталось 0
[2025-12-06 19:52:16] [INFO] dota_matches_bot - Поллер: из API получено матчей: 0
[2025-12-06 19:53:16] [INFO] dota_matches_bot - Поллер: обновляем матчи для дня 2025-12-06
[2025-12-06 19:53:16] [INFO] dota_matches_bot - Запрос матчей из API: http://45.10.245.84:8050/dota/matches/06-12-2025 для дня 2025-12-06
[2025-12-06 19:53:17] [INFO] dota_matches_bot - Дедупликация: было 0 матчей, осталось 0
[2025-12-06 19:53:17] [INFO] dota_matches_bot - Поллер: из API получено матчей: 0
[2025-12-06 19:55:03] [INFO] dota_matches_bot - Логирование инициализировано
[2025-12-06 19:55:03] [INFO] dota_matches_bot - MATCHES_API_BASE_URL = http://45.10.245.84:8050/dota/matches
[2025-12-06 19:55:03] [INFO] dota_matches_bot - Запуск бота...
[2025-12-06 19:55:03] [INFO] dota_matches_bot - Инициализация БД...
[2025-12-06 19:55:05] [INFO] dota_matches_bot - БД и таблицы инициализированы.
[2025-12-06 19:55:05] [INFO] dota_matches_bot - Старт фонового поллера матчей
[2025-12-06 19:55:05] [INFO] dota_matches_bot - Старт ежедневного нотификатора (10:00 МСК, один раз в день)
[2025-12-06 19:55:05] [INFO] dota_matches_bot - Старт таска напоминаний о матчах
[2025-12-06 19:55:18] [INFO] dota_matches_bot - Останавливаем задачу poll_task
[2025-12-06 19:55:18] [INFO] dota_matches_bot - Поллер матчей остановлен (CancelledError)
[2025-12-06 19:55:18] [INFO] dota_matches_bot - Останавливаем задачу daily_task
[2025-12-06 19:55:18] [INFO] dota_matches_bot - Ежедневный нотификатор остановлен (CancelledError)
[2025-12-06 19:55:18] [INFO] dota_matches_bot - Бот остановлен
[2025-12-07 15:35:41] [INFO] dota_matches_bot - Логирование инициализировано
[2025-12-07 15:35:41] [INFO] dota_matches_bot - MATCHES_API_BASE_URL = http://45.10.245.84:8050/dota/matches
[2025-12-07 15:35:41] [INFO] dota_matches_bot - Запуск бота...
[2025-12-07 15:35:41] [INFO] dota_matches_bot - Инициализация БД...
[2025-12-07 15:35:43] [INFO] dota_matches_bot - БД и таблицы инициализированы.
[2025-12-07 15:35:43] [INFO] dota_matches_bot - Старт фонового поллера матчей
[2025-12-07 15:35:43] [INFO] dota_matches_bot - Старт ежедневного нотификатора (10:00 МСК, один раз в день)
[2025-12-07 15:35:43] [INFO] dota_matches_bot - Старт таска напоминаний о матчах
[2025-12-07 15:36:43] [INFO] dota_matches_bot - Поллер: обновляем матчи для дня 2025-12-07
[2025-12-07 15:36:43] [INFO] dota_matches_bot - Запрос матчей из API: http://45.10.245.84:8050/dota/matches/07-12-2025 для дня 2025-12-07
[2025-12-07 15:36:45] [INFO] dota_matches_bot - Дедупликация: было 6 матчей, осталось 6
[2025-12-07 15:36:45] [INFO] dota_matches_bot - Поллер: из API получено матчей: 6
[2025-12-07 15:36:46] [INFO] dota_matches_bot - Для дня 2025-12-07 найдено today-состояний: 3
[2025-12-07 15:36:46] [INFO] dota_matches_bot - Для дня 2025-12-07 найдено today-состояний: 3
[2025-12-07 15:36:49] [INFO] dota_matches_bot - Состояние today-сообщения сохранено: chat_id=590713900, day=2025-12-07, message_id=225
[2025-12-07 15:36:49] [INFO] dota_matches_bot - Поллер: обновили today-сообщение в чате 590713900 (message_id=225, day=2025-12-07)
[2025-12-07 15:36:50] [INFO] dota_matches_bot - Состояние today-сообщения сохранено: chat_id=177322935, day=2025-12-07, message_id=226
[2025-12-07 15:36:50] [INFO] dota_matches_bot - Поллер: обновили today-сообщение в чате 177322935 (message_id=226, day=2025-12-07)
[2025-12-07 15:36:51] [WARNING] dota_matches_bot - Не удалось обновить today-сообщение в чате 88376478: Telegram server says - Bad Request: message to edit not found
[2025-12-07 15:37:51] [INFO] dota_matches_bot - Поллер: обновляем матчи для дня 2025-12-07
[2025-12-07 15:37:51] [INFO] dota_matches_bot - Запрос матчей из API: http://45.10.245.84:8050/dota/matches/07-12-2025 для дня 2025-12-07
[2025-12-07 15:37:52] [INFO] dota_matches_bot - Дедупликация: было 6 матчей, осталось 6
[2025-12-07 15:37:52] [INFO] dota_matches_bot - Поллер: из API получено матчей: 6
[2025-12-07 15:37:53] [INFO] dota_matches_bot - Для дня 2025-12-07 найдено today-состояний: 3
[2025-12-07 15:37:53] [INFO] dota_matches_bot - Для дня 2025-12-07 найдено today-состояний: 3
[2025-12-07 15:37:54] [INFO] dota_matches_bot - Состояние today-сообщения сохранено: chat_id=590713900, day=2025-12-07, message_id=225
[2025-12-07 15:37:54] [INFO] dota_matches_bot - Поллер: обновили today-сообщение в чате 590713900 (message_id=225, day=2025-12-07)
[2025-12-07 15:37:56] [INFO] dota_matches_bot - Состояние today-сообщения сохранено: chat_id=177322935, day=2025-12-07, message_id=226
[2025-12-07 15:37:56] [INFO] dota_matches_bot - Поллер: обновили today-сообщение в чате 177322935 (message_id=226, day=2025-12-07)
[2025-12-07 15:37:56] [WARNING] dota_matches_bot - Не удалось обновить today-сообщение в чате 88376478: Telegram server says - Bad Request: message to edit not found
[2025-12-07 15:38:56] [INFO] dota_matches_bot - Поллер: обновляем матчи для дня 2025-12-07
[2025-12-07 15:38:56] [INFO] dota_matches_bot - Запрос матчей из API: http://45.10.245.84:8050/dota/matches/07-12-2025 для дня 2025-12-07
[2025-12-07 15:38:56] [INFO] dota_matches_bot - Дедупликация: было 6 матчей, осталось 6
[2025-12-07 15:38:56] [INFO] dota_matches_bot - Поллер: из API получено матчей: 6
[2025-12-07 15:38:58] [INFO] dota_matches_bot - Для дня 2025-12-07 найдено today-состояний: 3
[2025-12-07 15:38:58] [INFO] dota_matches_bot - Для дня 2025-12-07 найдено today-состояний: 3
[2025-12-07 15:38:59] [INFO] dota_matches_bot - Состояние today-сообщения сохранено: chat_id=590713900, day=2025-12-07, message_id=225
[2025-12-07 15:38:59] [INFO] dota_matches_bot - Поллер: обновили today-сообщение в чате 590713900 (message_id=225, day=2025-12-07)
[2025-12-07 15:39:00] [INFO] dota_matches_bot - Состояние today-сообщения сохранено: chat_id=177322935, day=2025-12-07, message_id=226
[2025-12-07 15:39:00] [INFO] dota_matches_bot - Поллер: обновили today-сообщение в чате 177322935 (message_id=226, day=2025-12-07)
[2025-12-07 15:39:00] [WARNING] dota_matches_bot - Не удалось обновить today-сообщение в чате 88376478: Telegram server says - Bad Request: message to edit not found
[2025-12-07 15:39:04] [INFO] dota_matches_bot - Останавливаем задачу poll_task
[2025-12-07 15:39:04] [INFO] dota_matches_bot - Поллер матчей остановлен (CancelledError)
[2025-12-07 15:39:04] [INFO] dota_matches_bot - Останавливаем задачу daily_task
[2025-12-07 15:39:04] [INFO] dota_matches_bot - Ежедневный нотификатор остановлен (CancelledError)
[2025-12-07 15:39:04] [INFO] dota_matches_bot - Бот остановлен
[2025-12-07 15:39:32] [INFO] dota_matches_bot - Логирование инициализировано
[2025-12-07 15:39:32] [INFO] dota_matches_bot - MATCHES_API_BASE_URL = http://45.10.245.84:8050/dota/matches
[2025-12-07 15:39:32] [INFO] dota_matches_bot - Запуск бота...
[2025-12-07 15:39:32] [INFO] dota_matches_bot - Инициализация БД...
[2025-12-07 15:39:34] [INFO] dota_matches_bot - БД и таблицы инициализированы.
[2025-12-07 15:39:34] [INFO] dota_matches_bot - Старт фонового поллера матчей
[2025-12-07 15:39:34] [INFO] dota_matches_bot - Старт ежедневного нотификатора (10:00 МСК, один раз в день)
[2025-12-07 15:39:34] [INFO] dota_matches_bot - Старт таска напоминаний о матчах
[2025-12-07 15:39:35] [INFO] dota_matches_bot - Чат 88376478 добавлен в подписчики (или уже был).
[2025-12-07 15:39:35] [INFO] dota_matches_bot - Команда /today от пользователя 88376478 в чате 88376478 для дня 2025-12-07
[2025-12-07 15:39:35] [INFO] dota_matches_bot - Запрос матчей из API: http://45.10.245.84:8050/dota/matches/07-12-2025 для дня 2025-12-07
[2025-12-07 15:39:36] [INFO] dota_matches_bot - Дедупликация: было 6 матчей, осталось 6
[2025-12-07 15:39:36] [INFO] dota_matches_bot - Команда /today: из API получено матчей: 6
[2025-12-07 15:39:37] [INFO] dota_matches_bot - Команда /today: найдено сохранённое состояние (chat_id=88376478, day=2025-12-07, excluded=-)
[2025-12-07 15:39:37] [INFO] dota_matches_bot - Команда /today: отправили today-сообщение в чате 88376478 (message_id=231, day=2025-12-07)
[2025-12-07 15:39:38] [INFO] dota_matches_bot - Состояние today-сообщения сохранено: chat_id=88376478, day=2025-12-07, message_id=231
[2025-12-07 15:39:38] [INFO] dota_matches_bot - Поллер матчей уже запущен, новую задачу не создаём
[2025-12-07 15:39:55] [INFO] dota_matches_bot - Запрос матчей из API: http://45.10.245.84:8050/dota/matches/07-12-2025 для дня 2025-12-07
[2025-12-07 15:39:56] [INFO] dota_matches_bot - Дедупликация: было 6 матчей, осталось 6
[2025-12-07 15:39:57] [INFO] dota_matches_bot - Пользователь 88376478 поставил напоминание про матч ID_DDNks4MTOG_0002 (Bsb vs VP.P) на 2025-12-07 16:00:00+03:00 (создано=False)
[2025-12-07 15:40:02] [INFO] dota_matches_bot - Запрос матчей из API: http://45.10.245.84:8050/dota/matches/07-12-2025 для дня 2025-12-07
[2025-12-07 15:40:02] [INFO] dota_matches_bot - Дедупликация: было 6 матчей, осталось 6
[2025-12-07 15:40:04] [INFO] dota_matches_bot - Пользователь 88376478 поставил напоминание про матч ID_FH6hef9OF9_R02-M001 (Knights vs Runa) на 2025-12-07 17:05:00+03:00 (создано=True)
[2025-12-07 15:40:34] [INFO] dota_matches_bot - Поллер: обновляем матчи для дня 2025-12-07
[2025-12-07 15:40:34] [INFO] dota_matches_bot - Запрос матчей из API: http://45.10.245.84:8050/dota/matches/07-12-2025 для дня 2025-12-07
[2025-12-07 15:40:34] [INFO] dota_matches_bot - Дедупликация: было 6 матчей, осталось 6
[2025-12-07 15:40:34] [INFO] dota_matches_bot - Поллер: из API получено матчей: 6
[2025-12-07 15:40:35] [INFO] dota_matches_bot - Для дня 2025-12-07 найдено today-состояний: 3
[2025-12-07 15:40:35] [INFO] dota_matches_bot - Для дня 2025-12-07 найдено today-состояний: 3
[2025-12-07 15:40:38] [INFO] dota_matches_bot - Состояние today-сообщения сохранено: chat_id=590713900, day=2025-12-07, message_id=225
[2025-12-07 15:40:38] [INFO] dota_matches_bot - Поллер: обновили today-сообщение в чате 590713900 (message_id=225, day=2025-12-07)
[2025-12-07 15:40:40] [INFO] dota_matches_bot - Состояние today-сообщения сохранено: chat_id=177322935, day=2025-12-07, message_id=226
[2025-12-07 15:40:40] [INFO] dota_matches_bot - Поллер: обновили today-сообщение в чате 177322935 (message_id=226, day=2025-12-07)
[2025-12-07 15:40:43] [INFO] dota_matches_bot - Состояние today-сообщения сохранено: chat_id=88376478, day=2025-12-07, message_id=231
[2025-12-07 15:40:43] [INFO] dota_matches_bot - Поллер: обновили today-сообщение в чате 88376478 (message_id=231, day=2025-12-07)
[2025-12-07 15:41:43] [INFO] dota_matches_bot - Поллер: обновляем матчи для дня 2025-12-07
[2025-12-07 15:41:43] [INFO] dota_matches_bot - Запрос матчей из API: http://45.10.245.84:8050/dota/matches/07-12-2025 для дня 2025-12-07
[2025-12-07 15:41:44] [INFO] dota_matches_bot - Дедупликация: было 6 матчей, осталось 6
[2025-12-07 15:41:44] [INFO] dota_matches_bot - Поллер: из API получено матчей: 6
