{"level": "info", "msg": "tournaments synced from Main_Page", "count": 12, "time": "2025-11-30 15:22:06"}
{"level": "info", "msg": "tournaments synced from Main_Page", "count": 12, "time": "2025-11-30 15:23:21"}
{"level": "info", "msg": "worker_once_finished", "metrics": {"total": 0, "status_counts": {"upcoming": 0, "live": 0, "finished": 0, "unknown": 0}}, "time": "2025-11-30 15:23:24"}
{"level": "info", "msg": "tournaments synced from Main_Page", "count": 12, "time": "2025-11-30 15:28:46"}
{"level": "info", "msg": "worker_once_finished", "metrics": {"total": 0, "status_counts": {"upcoming": 0, "live": 0, "finished": 0, "unknown": 0}}, "time": "2025-11-30 15:28:49"}
{"level": "info", "msg": "tournaments synced from Main_Page", "count": 12, "time": "2025-11-30 23:55:07"}
{"level": "info", "msg": "worker_once_finished", "metrics": {"total": 0, "status_counts": {"upcoming": 0, "live": 0, "finished": 0, "unknown": 0}}, "time": "2025-11-30 23:55:10"}
{"level": "info", "msg": "tournaments synced from Main_Page", "count": 12, "time": "2025-12-01 00:00:15"}
{"level": "info", "msg": "worker_once_finished", "metrics": {"total": 0, "status_counts": {"upcoming": 0, "live": 0, "finished": 0, "unknown": 0}}, "time": "2025-12-01 00:00:18"}
{"level": "info", "msg": "tournaments synced from Main_Page", "count": 12, "time": "2025-12-01 00:04:01"}
{"level": "info", "msg": "worker_once_finished", "metrics": {"total": 0, "status_counts": {"upcoming": 0, "live": 0, "finished": 0, "unknown": 0}}, "time": "2025-12-01 00:04:04"}
{"level": "info", "msg": "tournaments synced from Main_Page", "count": 13, "time": "2025-12-01 20:35:49"}
{"level": "info", "msg": "worker_once_finished", "metrics": {"total": 0, "status_counts": {"upcoming": 0, "live": 0, "finished": 0, "unknown": 0}}, "time": "2025-12-01 20:35:52"}
{"level": "info", "msg": "tournaments synced from Main_Page", "count": 13, "time": "2025-12-01 20:53:06"}
{"level": "info", "msg": "worker_once_finished", "metrics": {"total": 0, "status_counts": {"upcoming": 0, "live": 0, "finished": 0, "unknown": 0}}, "time": "2025-12-01 20:53:10"}
{"level": "info", "msg": "tournaments synced from Main_Page", "count": 13, "time": "2025-12-01 21:33:09"}
{"level": "info", "msg": "worker_once_finished", "metrics": {"total": 0, "status_counts": {"upcoming": 0, "live": 0, "finished": 0, "unknown": 0}}, "time": "2025-12-01 21:33:13"}
{"level": "info", "msg": "tournaments synced from Main_Page", "count": 13, "time": "2025-12-01 21:45:18"}
{"level": "info", "msg": "worker_once_finished", "metrics": {"total": 0, "status_counts": {"upcoming": 0, "live": 0, "finished": 0, "unknown": 0}}, "time": "2025-12-01 21:45:21"}
{"level": "info", "msg": "tournaments synced from Main_Page", "count": 13, "time": "2025-12-01 22:28:06"}
{"level": "info", "msg": "tournaments synced from Main_Page", "count": 13, "time": "2025-12-01 22:30:09"}
{"level": "info", "msg": "worker_once_finished", "metrics": {"total": 102, "status_counts": {"upcoming": 0, "live": 0, "finished": 53, "unknown": 49}}, "time": "2025-12-01 22:30:13"}
{"level": "info", "msg": "tournaments synced from Main_Page", "count": 13, "time": "2025-12-01 22:37:25"}
{"level": "info", "msg": "worker_once_finished", "metrics": {"total": 102, "status_counts": {"upcoming": 0, "live": 0, "finished": 53, "unknown": 49}}, "time": "2025-12-01 22:37:29"}
{"level": "info", "msg": "tournaments synced from Main_Page", "count": 13, "time": "2025-12-01 22:45:28"}
{"level": "info", "msg": "worker_once_finished", "metrics": {"total": 102, "status_counts": {"upcoming": 0, "live": 0, "finished": 53, "unknown": 49}}, "time": "2025-12-01 22:45:32"}
{"level": "info", "msg": "tournaments synced from Main_Page", "count": 13, "time": "2025-12-02 12:25:04"}
{"level": "info", "msg": "tournaments synced from Main_Page", "count": 13, "time": "2025-12-02 12:29:28"}
{"level": "info", "msg": "tournaments synced from Main_Page", "count": 13, "time": "2025-12-02 12:34:39"}
{"level": "info", "msg": "tournaments synced from Main_Page", "count": 13, "time": "2025-12-02 12:37:31"}
{"level": "info", "msg": "tournaments synced from Main_Page", "count": 13, "time": "2025-12-02 12:39:48"}
{"level": "info", "msg": "tournaments synced from Main_Page", "count": 13, "time": "2025-12-02 12:41:53"}
{"level": "info", "msg": "tournaments synced from Main_Page", "count": 13, "time": "2025-12-02 12:51:03"}
{"level": "info", "msg": "tournaments synced from Main_Page", "count": 13, "time": "2025-12-02 12:58:54"}
{"level": "info", "msg": "tournaments synced from Main_Page", "count": 13, "time": "2025-12-02 13:39:18"}
{"level": "info", "msg": "worker_once_finished", "metrics": {"total": 102, "status_counts": {"upcoming": 49, "live": 0, "finished": 53, "unknown": 0}}, "time": "2025-12-02 13:39:45"}
{"level": "info", "msg": "tournaments synced from Main_Page", "count": 13, "time": "2025-12-02 14:14:46"}
{"level": "info", "msg": "worker_once_finished", "metrics": {"total": 102, "status_counts": {"upcoming": 49, "live": 0, "finished": 53, "unknown": 0}}, "time": "2025-12-02 14:15:12"}
{"level": "info", "msg": "tournaments synced from Main_Page", "count": 13, "time": "2025-12-02 14:18:13"}
{"level": "info", "msg": "worker_once_finished", "metrics": {"total": 102, "status_counts": {"upcoming": 49, "live": 0, "finished": 53, "unknown": 0}}, "time": "2025-12-02 14:18:41"}
{"level": "info", "msg": "tournaments synced from Main_Page", "count": 14, "time": "2025-12-02 20:31:00"}
{"level": "info", "msg": "tournaments synced from Main_Page", "count": 14, "time": "2025-12-02 20:40:35"}
{"level": "info", "msg": "tournaments synced from Main_Page", "count": 14, "time": "2025-12-02 20:41:08"}
{"level": "info", "msg": "tournaments synced from Main_Page", "count": 14, "time": "2025-12-02 20:45:08"}
{"level": "info", "msg": "tournaments synced from Main_Page", "count": 14, "time": "2025-12-02 20:49:02"}
{"level": "info", "msg": "tournaments synced from Main_Page", "count": 14, "time": "2025-12-02 20:52:27"}
{"level": "info", "msg": "tournaments synced from Main_Page", "count": 14, "time": "2025-12-02 21:13:56"}
{"level": "info", "msg": "tournaments synced from Main_Page", "count": 14, "time": "2025-12-02 21:22:21"}
{"level": "info", "msg": "tournaments synced from Main_Page", "count": 14, "time": "2025-12-02 21:22:44"}
{"level": "info", "msg": "tournaments synced from Main_Page", "count": 15, "time": "2025-12-02 21:35:48"}
{"level": "info", "msg": "tournaments synced from Main_Page", "count": 15, "time": "2025-12-02 21:46:15"}
{"level": "info", "msg": "tournaments synced from Main_Page", "count": 15, "time": "2025-12-02 21:52:23"}
{"level": "info", "msg": "tournaments synced from Main_Page", "count": 15, "time": "2025-12-02 22:12:30"}
{"level": "info", "msg": "worker_once_finished", "metrics": {"total": 102, "status_counts": {"upcoming": 47, "live": 0, "finished": 55, "unknown": 0}}, "time": "2025-12-02 22:13:01"}
{"level": "info", "msg": "tournaments synced from Main_Page", "count": 15, "time": "2025-12-02 22:54:07"}
{"level": "info", "msg": "worker_once_finished", "metrics": {"total": 102, "status_counts": {"upcoming": 48, "live": 0, "finished": 54, "unknown": 0}}, "time": "2025-12-02 22:54:39"}
{"level": "info", "msg": "tournaments synced from Main_Page", "count": 15, "time": "2025-12-03 00:02:15"}
{"level": "info", "msg": "tournaments synced from Main_Page", "count": 15, "time": "2025-12-03 00:06:15"}
{"level": "info", "msg": "tournaments synced from Main_Page", "count": 15, "time": "2025-12-03 00:08:08"}
{"level": "info", "msg": "worker_once_finished", "metrics": {"total": 102, "status_counts": {"upcoming": 49, "live": 0, "finished": 53, "unknown": 0}}, "time": "2025-12-03 00:08:36"}
{"level": "info", "msg": "worker_once_start", "time": "2025-12-03 21:48:43"}
{"level": "info", "msg": "worker_once_done", "matches_count": 0, "time": "2025-12-03 21:48:46"}
{"level": "info", "msg": "worker_once_start", "time": "2025-12-03 22:02:05"}
{"level": "info", "msg": "worker_once_finished", "metrics": {"parsed_matches": 0, "deduped_matches": 0, "elapsed_sec": 14.85}, "time": "2025-12-03 22:02:20"}
{"level": "info", "msg": "worker_once_start", "time": "2025-12-03 22:11:58"}
{"level": "info", "msg": "worker_once_finished", "metrics": {"parsed_matches": 0, "deduped_matches": 0, "elapsed_sec": 7.68}, "time": "2025-12-03 22:12:06"}
{"level": "info", "msg": "worker_once_start", "time": "2025-12-03 22:32:04"}
{"level": "info", "msg": "worker_once_finished", "metrics": {"parsed_matches": 0, "deduped_matches": 0, "elapsed_sec": 6.11}, "time": "2025-12-03 22:32:10"}
{"level": "info", "msg": "worker_once_start", "time": "2025-12-03 23:49:10"}
{"level": "info", "msg": "worker_once_finished", "metrics": {"parsed_matches": 0, "deduped_matches": 0, "elapsed_sec": 4.35}, "time": "2025-12-03 23:49:14"}
{"level": "info", "msg": "worker_once_start", "time": "2025-12-04 00:11:26"}
{"level": "info", "msg": "worker_once_finished", "metrics": {"parsed_matches": 0, "deduped_matches": 0, "elapsed_sec": 4.41}, "time": "2025-12-04 00:11:31"}
{"level": "info", "msg": "worker_once_start", "time": "2025-12-04 09:51:32"}
{"level": "info", "msg": "worker_once_finished", "metrics": {"parsed_matches": 0, "deduped_matches": 0, "elapsed_sec": 4.14}, "time": "2025-12-04 09:51:36"}
{"level": "info", "msg": "worker_once_start", "time": "2025-12-04 09:52:17"}
{"level": "info", "msg": "worker_once_finished", "metrics": {"parsed_matches": 100, "deduped_matches": 0, "elapsed_sec": 4.7}, "time": "2025-12-04 09:52:21"}
{"level": "info", "msg": "worker_once_start", "time": "2025-12-04 10:06:13"}
{"level": "info", "msg": "worker_once_finished", "metrics": {"parsed_matches": 100, "deduped_matches": 0, "elapsed_sec": 4.55}, "time": "2025-12-04 10:06:18"}
{"level": "info", "msg": "worker_once_start", "time": "2025-12-04 10:17:18"}
{"level": "info", "msg": "worker_once_finished", "metrics": {"parsed_matches": 100, "deduped_matches": 100, "elapsed_sec": 7.28}, "time": "2025-12-04 10:17:26"}
{"level": "info", "msg": "worker_once_start", "time": "2025-12-04 10:25:46"}
{"level": "info", "msg": "worker_once_finished", "metrics": {"parsed_matches": 100, "deduped_matches": 100, "elapsed_sec": 7.04}, "time": "2025-12-04 10:25:53"}
{"level": "info", "msg": "worker_once_start", "time": "2025-12-04 10:32:27"}
{"level": "info", "msg": "worker_once_finished", "metrics": {"parsed_matches": 100, "deduped_matches": 100, "elapsed_sec": 6.07}, "time": "2025-12-04 10:32:33"}
{"level": "info", "msg": "worker_once_start", "time": "2025-12-04 10:49:41"}
{"level": "info", "msg": "worker_once_start", "time": "2025-12-04 11:03:32"}
{"level": "info", "msg": "worker_once_finished", "metrics": {"parsed_matches": 100, "deduped_matches": 100, "elapsed_sec": 6.37}, "time": "2025-12-04 11:03:38"}
{"level": "info", "msg": "worker_once_start", "time": "2025-12-04 11:21:27"}
{"level": "info", "msg": "worker_once_finished", "metrics": {"parsed_matches": 100, "deduped_matches": 100, "elapsed_sec": 5.96}, "time": "2025-12-04 11:21:33"}
{"level": "info", "msg": "worker_once_start", "time": "2025-12-04 11:54:09"}
{"level": "info", "msg": "worker_once_finished", "metrics": {"parsed_matches": 100, "deduped_matches": 100, "elapsed_sec": 40.93}, "time": "2025-12-04 11:54:50"}
{"level": "info", "msg": "worker_once_start", "time": "2025-12-04 11:58:02"}
{"level": "info", "msg": "worker_once_finished", "metrics": {"parsed_matches": 100, "deduped_matches": 100, "elapsed_sec": 37.67}, "time": "2025-12-04 11:58:40"}
{"level": "info", "msg": "worker_once_start", "time": "2025-12-04 12:12:40"}
{"level": "info", "msg": "worker_once_start", "time": "2025-12-04 12:16:17"}
{"level": "info", "msg": "worker_once_start", "time": "2025-12-04 12:17:37"}
{"level": "info", "msg": "worker_once_start", "time": "2025-12-04 12:18:51"}
{"level": "info", "msg": "worker_once_start", "time": "2025-12-04 12:20:03"}
{"level": "info", "msg": "worker_once_finished", "metrics": {"parsed_matches": 100, "deduped_matches": 100, "elapsed_sec": 82.83}, "time": "2025-12-04 12:21:26"}
{"level": "info", "msg": "worker_once_start", "time": "2025-12-04 18:10:17"}
{"level": "error", "msg": "fetch_score_from_match_page_failed", "match_url": "https://liquipedia.net/dota2/index.php?title=Match:ID_a99hRhmfCA_R05-M001&action=edit&redlink=1", "error": "403 Client Error: Forbidden for url: https://liquipedia.net/dota2/index.php?title=Match:ID_a99hRhmfCA_R05-M001&action=edit&redlink=1", "time": "2025-12-04 18:10:46"}
{"level": "info", "msg": "worker_once_finished", "metrics": {"parsed_matches": 100, "deduped_matches": 100, "elapsed_sec": 30.4}, "time": "2025-12-04 18:10:47"}
{"level": "info", "msg": "worker_once_start", "time": "2025-12-04 18:12:38"}
{"level": "info", "msg": "worker_once_start", "time": "2025-12-04 18:13:33"}
{"level": "error", "msg": "fetch_score_from_match_page_failed", "match_url": "https://liquipedia.net/dota2/index.php?title=Match:ID_a99hRhmfCA_R05-M001&action=edit&redlink=1", "error": "403 Client Error: Forbidden for url: https://liquipedia.net/dota2/index.php?title=Match:ID_a99hRhmfCA_R05-M001&action=edit&redlink=1", "time": "2025-12-04 18:14:02"}
{"level": "info", "msg": "worker_once_finished", "metrics": {"parsed_matches": 100, "deduped_matches": 100, "elapsed_sec": 29.99}, "time": "2025-12-04 18:14:03"}
{"level": "info", "msg": "worker_once_start", "time": "2025-12-06 16:28:41"}
{"level": "info", "msg": "worker_once_finished", "metrics": {"parsed_matches": 100, "deduped_matches": 100, "elapsed_sec": 27.7}, "time": "2025-12-06 16:29:08"}
{"level": "info", "msg": "worker_once_start", "time": "2025-12-06 16:31:22"}
{"level": "info", "msg": "worker_once_start", "time": "2025-12-06 16:33:26"}
{"level": "info", "msg": "worker_once_start", "time": "2025-12-06 16:34:19"}
{"level": "info", "msg": "worker_once_finished", "metrics": {"parsed_matches": 100, "deduped_matches": 100, "elapsed_sec": 6.7}, "time": "2025-12-06 16:34:25"}
{"level": "info", "msg": "worker_once_start", "time": "2025-12-06 16:36:07"}
{"level": "info", "msg": "worker_once_finished", "metrics": {"parsed_matches": 100, "deduped_matches": 1, "elapsed_sec": 7.58}, "time": "2025-12-06 16:36:15"}
{"level": "info", "msg": "worker_once_start", "time": "2025-12-06 16:45:27"}
{"level": "info", "msg": "worker_once_finished", "metrics": {"parsed_matches": 100, "deduped_matches": 100, "elapsed_sec": 7.06}, "time": "2025-12-06 16:45:34"}
{"level": "info", "msg": "worker_once_start", "time": "2025-12-06 19:47:40"}
{"level": "info", "msg": "worker_once_finished", "metrics": {"parsed_matches": 100, "deduped_matches": 100, "elapsed_sec": 7.09}, "time": "2025-12-06 19:47:47"}
{"level": "info", "msg": "worker_once_start", "time": "2025-12-06 20:09:19"}
{"level": "info", "msg": "worker_once_start", "time": "2025-12-06 20:11:03"}
{"level": "info", "msg": "worker_once_start", "time": "2025-12-06 20:14:19"}
{"level": "info", "msg": "worker_once_finished", "metrics": {"parsed_matches": 100, "deduped_matches": 100, "elapsed_sec": 29.45}, "time": "2025-12-06 20:14:49"}
{"level": "info", "msg": "worker_once_start", "time": "2025-12-06 20:15:02"}
{"level": "info", "msg": "worker_once_finished", "metrics": {"parsed_matches": 100, "deduped_matches": 100, "elapsed_sec": 29.42}, "time": "2025-12-06 20:15:31"}
{"level": "info", "msg": "worker_once_start", "time": "2025-12-06 20:16:53"}
{"level": "info", "msg": "worker_once_finished", "metrics": {"parsed_matches": 100, "deduped_matches": 100, "elapsed_sec": 48.06}, "time": "2025-12-06 20:17:41"}
