2025-12-12 19:40:14 [INFO] teams_parser: Логирование включено: /Users/shaneque/Documents/DEVELOP/CyberMatches/logs/team_parser.log (level=INFO)
2025-12-12 19:40:14 [INFO] teams_parser: Starting teams sync.
2025-12-12 19:40:14 [INFO] teams_parser: Liquipedia source: https://liquipedia.net/dota2/Portal:Teams
2025-12-12 19:40:14 [INFO] teams_parser: DB target: host=db.solar.shaneque.ru port=5432 db=CyberMatches user=shaneqque
2025-12-12 19:40:14 [INFO] teams_parser: HTTP GET: https://liquipedia.net/dota2/Portal:Teams
2025-12-12 19:40:14 [INFO] teams_parser: HTTP 200 (520 ms), bytes=39301
2025-12-12 19:40:14 [INFO] teams_parser: Parse result: scanned_links=664, candidates=283, deduped=249, skipped_empty=360, skipped_service=21, skipped_ns=0, time=46 ms
2025-12-12 19:40:14 [INFO] teams_parser: Examples: Dota Pro Circuit (Dota_Pro_Circuit), edit (index.php), Natsumi (Natsumi-), Nikko (Force_(Filipino_player)), TIMS (TIMS), ...
2025-12-12 19:40:16 [INFO] teams_parser: Schema ensured: public.dota_teams (time=1481 ms)
2025-12-12 19:43:03 [INFO] teams_parser: Логирование включено: /Users/shaneque/Documents/DEVELOP/CyberMatches/logs/team_parser.log (level=INFO)
2025-12-12 19:43:03 [INFO] teams_parser: Starting teams sync.
2025-12-12 19:43:03 [INFO] teams_parser: Liquipedia source: https://liquipedia.net/dota2/Portal:Teams
2025-12-12 19:43:03 [INFO] teams_parser: DB target: host=db.solar.shaneque.ru port=5432 db=CyberMatches user=shaneqque
2025-12-12 19:43:03 [INFO] teams_parser: HTTP GET: https://liquipedia.net/dota2/Portal:Teams
2025-12-12 19:43:04 [INFO] teams_parser: HTTP 200 (487 ms), bytes=39301
2025-12-12 19:43:04 [INFO] teams_parser: Parse result: scanned_links=664, candidates=267, deduped=236, skipped_empty=360, skipped_not_team=37, time=47 ms
2025-12-12 19:43:04 [INFO] teams_parser: Examples: Dota Pro Circuit (Dota_Pro_Circuit), TIMS (TIMS), Yopaj- (Yopaj), skem (Skem), OG (OG), Results (Results), Played Matches (Played_Matches), Ace (Ace), ...
2025-12-12 19:43:05 [INFO] teams_parser: Schema ensured: public.dota_teams (time=1247 ms)
2025-12-12 19:44:42 [INFO] teams_parser: Логирование включено: /Users/shaneque/Documents/DEVELOP/CyberMatches/logs/team_parser.log (level=INFO)
2025-12-12 19:44:42 [INFO] teams_parser: Starting teams sync.
2025-12-12 19:44:42 [INFO] teams_parser: Liquipedia source: https://liquipedia.net/dota2/Portal:Teams
2025-12-12 19:44:42 [INFO] teams_parser: DB target: host=db.solar.shaneque.ru port=5432 db=CyberMatches user=shaneqque
2025-12-12 19:44:42 [INFO] teams_parser: HTTP config: timeout=25.0s retries=3 concurrency=8
2025-12-12 19:44:43 [INFO] teams_parser: Portal fetched in 565 ms
2025-12-12 19:44:43 [INFO] teams_parser: Portal parse: scanned_links=664, raw_candidates=274, deduped_candidates=243, skipped_empty=360, skipped_not_candidate=30
2025-12-12 19:44:46 [WARNING] teams_parser: HTTP error (attempt 1/3) url=https://liquipedia.net/dota2/Hellscream err=429 Client Error: Too Many Requests for url: https://liquipedia.net/dota2/Hellscream; backoff=1s
2025-12-12 19:44:48 [WARNING] teams_parser: HTTP error (attempt 2/3) url=https://liquipedia.net/dota2/Hellscream err=429 Client Error: Too Many Requests for url: https://liquipedia.net/dota2/Hellscream; backoff=2s
2025-12-12 19:44:49 [WARNING] teams_parser: HTTP error (attempt 1/3) url=https://liquipedia.net/dota2/Riddys err=429 Client Error: Too Many Requests for url: https://liquipedia.net/dota2/Riddys; backoff=1s
2025-12-12 19:44:49 [WARNING] teams_parser: HTTP error (attempt 1/3) url=https://liquipedia.net/dota2/Pma err=429 Client Error: Too Many Requests for url: https://liquipedia.net/dota2/Pma; backoff=1s
2025-12-12 19:44:49 [WARNING] teams_parser: HTTP error (attempt 1/3) url=https://liquipedia.net/dota2/Kataomi err=429 Client Error: Too Many Requests for url: https://liquipedia.net/dota2/Kataomi; backoff=1s
2025-12-12 19:44:50 [WARNING] teams_parser: HTTP error (attempt 2/3) url=https://liquipedia.net/dota2/Riddys err=429 Client Error: Too Many Requests for url: https://liquipedia.net/dota2/Riddys; backoff=2s
2025-12-12 19:44:51 [WARNING] teams_parser: HTTP error (attempt 2/3) url=https://liquipedia.net/dota2/Kataomi err=429 Client Error: Too Many Requests for url: https://liquipedia.net/dota2/Kataomi; backoff=2s
2025-12-12 19:44:51 [WARNING] teams_parser: HTTP error (attempt 3/3) url=https://liquipedia.net/dota2/Hellscream err=429 Client Error: Too Many Requests for url: https://liquipedia.net/dota2/Hellscream; backoff=4s
2025-12-12 19:44:53 [WARNING] teams_parser: HTTP error (attempt 3/3) url=https://liquipedia.net/dota2/Riddys err=429 Client Error: Too Many Requests for url: https://liquipedia.net/dota2/Riddys; backoff=4s
2025-12-12 19:44:53 [WARNING] teams_parser: HTTP error (attempt 3/3) url=https://liquipedia.net/dota2/Kataomi err=429 Client Error: Too Many Requests for url: https://liquipedia.net/dota2/Kataomi; backoff=4s
2025-12-12 19:46:34 [INFO] teams_parser: Логирование включено: /Users/shaneque/Documents/DEVELOP/CyberMatches/logs/team_parser.log (level=INFO)
2025-12-12 19:46:34 [INFO] teams_parser: Starting teams sync.
2025-12-12 19:46:34 [INFO] teams_parser: Liquipedia source: https://liquipedia.net/dota2/Portal:Teams
2025-12-12 19:46:34 [INFO] teams_parser: DB target: host=db.solar.shaneque.ru port=5432 db=CyberMatches user=shaneqque
2025-12-12 19:46:34 [INFO] teams_parser: HTTP config: timeout=25.0s retries=3 concurrency=3 validation_delay=0.60..1.00s
2025-12-12 19:46:34 [WARNING] teams_parser: HTTP 429 (attempt 1/3) url=https://liquipedia.net/dota2/Portal:Teams; sleeping 10s
2025-12-12 19:46:45 [WARNING] teams_parser: HTTP 429 (attempt 2/3) url=https://liquipedia.net/dota2/Portal:Teams; sleeping 20s
2025-12-12 19:47:05 [WARNING] teams_parser: HTTP 429 (attempt 3/3) url=https://liquipedia.net/dota2/Portal:Teams; sleeping 30s
2025-12-12 19:47:38 [INFO] teams_parser: Логирование включено: /Users/shaneque/Documents/DEVELOP/CyberMatches/logs/team_parser.log (level=INFO)
2025-12-12 19:47:38 [INFO] teams_parser: Starting teams sync.
2025-12-12 19:47:38 [INFO] teams_parser: Liquipedia source: https://liquipedia.net/dota2/Portal:Teams
2025-12-12 19:47:38 [INFO] teams_parser: DB target: host=db.solar.shaneque.ru port=5432 db=CyberMatches user=shaneqque
2025-12-12 19:47:38 [INFO] teams_parser: HTTP config: timeout=25.0s retries=3 concurrency=3 validation_delay=0.60..1.00s
2025-12-12 19:47:39 [INFO] teams_parser: Portal fetched in 491 ms
2025-12-12 19:47:39 [INFO] teams_parser: Portal parse: scanned_links=664, raw_candidates=274, deduped_candidates=243, skipped_empty=360, skipped_not_candidate=30
2025-12-12 19:47:39 [INFO] teams_parser: Validation plan: total_candidates=243, trusted_without_checks=150, suspicious_to_check=93
2025-12-12 19:48:28 [INFO] teams_parser: Validation done: checked=93, ok_from_checked=91, rejected=2, result_total=241, concurrency=3, time=49458 ms
2025-12-12 19:48:28 [INFO] teams_parser: Result examples: Dota Pro Circuit(Dota_Pro_Circuit), OG(OG), Ace(Ace), Team Liquid(Team_Liquid), rue(Rue), Team Spirit(Team_Spirit), Team Secret(Team_Secret), 33(33), Ari(Ari), bzm(Bzm), ...
2025-12-12 19:48:28 [INFO] teams_parser: Rejected examples: Results(Results), Played Matches(Played_Matches)
2025-12-12 19:48:30 [INFO] teams_parser: Schema ensured: public.dota_teams (time=1271 ms)
2025-12-12 19:51:06 [INFO] teams_parser: Логирование включено: /Users/shaneque/Documents/DEVELOP/CyberMatches/logs/team_parser.log (level=INFO)
2025-12-12 19:51:06 [INFO] teams_parser: Starting teams sync.
2025-12-12 19:51:06 [INFO] teams_parser: Liquipedia source: https://liquipedia.net/dota2/Portal:Teams
2025-12-12 19:51:06 [INFO] teams_parser: DB target: host=db.solar.shaneque.ru port=5432 db=CyberMatches user=shaneqque
2025-12-12 19:51:06 [INFO] teams_parser: HTTP GET: https://liquipedia.net/dota2/Portal:Teams
2025-12-12 19:51:07 [INFO] teams_parser: HTTP 200 (1851 ms), bytes=39301
2025-12-12 19:51:07 [INFO] teams_parser: Portal parse: spans=192, links=192, redlinks=0, empty=0, deduped=192, time=89 ms
2025-12-12 19:51:07 [INFO] teams_parser: Examples: CDUB Esports(CDUB_Esports), Fart Studios(Fart_Studios), GamerLegion(GamerLegion), HEROIC(HEROIC), Infamous(Infamous_Gaming), Lava Esports(Lava_Esports), AVULUS(AVULUS), Level UP(Level_UP), ...
2025-12-12 19:51:09 [INFO] teams_parser: Schema ensured: public.dota_teams (time=1267 ms)
2025-12-12 19:54:51 [INFO] teams_parser: Логирование включено: /Users/shaneque/Documents/DEVELOP/CyberMatches/logs/team_parser.log (level=INFO)
2025-12-12 19:54:51 [INFO] teams_parser: Starting teams sync.
2025-12-12 19:54:51 [INFO] teams_parser: Liquipedia source: https://liquipedia.net/dota2/Portal:Teams
2025-12-12 19:54:51 [INFO] teams_parser: DB target: host=db.solar.shaneque.ru port=5432 db=CyberMatches user=shaneqque
2025-12-12 19:54:51 [INFO] teams_parser: HTTP GET: https://liquipedia.net/dota2/Portal:Teams
2025-12-12 19:54:52 [INFO] teams_parser: HTTP 200 (500 ms), bytes=39301
2025-12-12 19:54:52 [INFO] teams_parser: Portal parse: spans=192, links=192, redlinks=0, empty=0, deduped=192, time=56 ms
2025-12-12 19:54:52 [INFO] teams_parser: Examples: CDUB Esports(CDUB_Esports), Fart Studios(Fart_Studios), GamerLegion(GamerLegion), HEROIC(HEROIC), Infamous(Infamous_Gaming), Lava Esports(Lava_Esports), AVULUS(AVULUS), Level UP(Level_UP), ...
2025-12-12 19:54:53 [INFO] teams_parser: Schema ensured: public.dota_teams (time=1314 ms)
2025-12-12 19:55:17 [INFO] teams_parser: Логирование включено: /Users/shaneque/Documents/DEVELOP/CyberMatches/logs/team_parser.log (level=INFO)
2025-12-12 19:55:17 [INFO] teams_parser: Starting teams sync.
2025-12-12 19:55:17 [INFO] teams_parser: Liquipedia source: https://liquipedia.net/dota2/Portal:Teams
2025-12-12 19:55:17 [INFO] teams_parser: DB target: host=db.solar.shaneque.ru port=5432 db=CyberMatches user=shaneqque
2025-12-12 19:55:17 [INFO] teams_parser: HTTP GET: https://liquipedia.net/dota2/Portal:Teams
2025-12-12 19:55:17 [INFO] teams_parser: HTTP 200 (438 ms), bytes=39301
2025-12-12 19:55:17 [INFO] teams_parser: Portal parse: spans=192, links=192, redlinks=0, empty=0, deduped=192, time=61 ms
2025-12-12 19:55:17 [INFO] teams_parser: Examples: CDUB Esports(CDUB_Esports), Fart Studios(Fart_Studios), GamerLegion(GamerLegion), HEROIC(HEROIC), Infamous(Infamous_Gaming), Lava Esports(Lava_Esports), AVULUS(AVULUS), Level UP(Level_UP), ...
2025-12-12 19:55:19 [INFO] teams_parser: Schema ensured: public.dota_teams (time=1218 ms)
2025-12-12 19:57:36 [INFO] teams_parser: Upsert chunk 1: rows=192, time=137714 ms
2025-12-12 19:57:36 [INFO] teams_parser: Upsert complete: rows=192, time=137832 ms
2025-12-12 19:57:37 [INFO] teams_parser: DB stats: public.dota_teams=384
2025-12-12 19:57:37 [INFO] teams_parser: Teams sync done: parsed=192, upserted=192, total_time=139871 ms
2025-12-12 19:57:37 [INFO] teams_parser: DB pool closed.
2025-12-12 19:57:50 [INFO] teams_parser: Логирование включено: /Users/shaneque/Documents/DEVELOP/CyberMatches/logs/team_parser.log (level=INFO)
2025-12-12 19:57:50 [INFO] teams_parser: Starting teams sync.
2025-12-12 19:57:50 [INFO] teams_parser: Liquipedia source: https://liquipedia.net/dota2/Portal:Teams
2025-12-12 19:57:50 [INFO] teams_parser: DB target: host=db.solar.shaneque.ru port=5432 db=CyberMatches user=shaneqque
2025-12-12 19:57:50 [INFO] teams_parser: DB timeouts: connect_timeout=10s lock_timeout=5000ms statement_timeout=30000ms
2025-12-12 19:57:50 [INFO] teams_parser: HTTP GET: https://liquipedia.net/dota2/Portal:Teams
2025-12-12 19:57:51 [INFO] teams_parser: HTTP 200 (461 ms), bytes=39301
2025-12-12 19:57:51 [INFO] teams_parser: Portal parse: spans=192, links=192, redlinks=0, empty=0, deduped=192, time=76 ms
2025-12-12 19:57:51 [INFO] teams_parser: Examples: CDUB Esports(CDUB_Esports), Fart Studios(Fart_Studios), GamerLegion(GamerLegion), HEROIC(HEROIC), Infamous(Infamous_Gaming), Lava Esports(Lava_Esports), AVULUS(AVULUS), Level UP(Level_UP), ...
2025-12-12 19:57:52 [INFO] teams_parser: Schema ensured: public.dota_teams (time=1177 ms)
2025-12-12 19:57:52 [INFO] teams_parser: Upsert chunk 1: start rows=192
2025-12-12 19:57:52 [INFO] teams_parser: Upsert chunk 1: done rows=192, time=200 ms
2025-12-12 19:57:53 [INFO] teams_parser: Upsert complete: rows=192, time=628 ms
2025-12-12 19:57:53 [INFO] teams_parser: DB stats: public.dota_teams=384
2025-12-12 19:57:53 [INFO] teams_parser: Teams sync done: parsed=192, upserted=192, total_time=2689 ms
2025-12-12 19:57:53 [INFO] teams_parser: DB pool closed.
2025-12-12 20:00:25 [INFO] teams_parser: Логирование включено: /Users/shaneque/Documents/DEVELOP/CyberMatches/logs/team_parser.log (level=INFO)
2025-12-12 20:00:25 [INFO] teams_parser: Starting teams sync (insert-only).
2025-12-12 20:00:25 [INFO] teams_parser: Liquipedia source: https://liquipedia.net/dota2/Portal:Teams
2025-12-12 20:00:25 [INFO] teams_parser: DB target: host=db.solar.shaneque.ru port=5432 db=CyberMatches user=shaneqque
2025-12-12 20:00:25 [INFO] teams_parser: DB timeouts: connect_timeout=10s lock_timeout=5000ms statement_timeout=30000ms
2025-12-12 20:00:25 [INFO] teams_parser: HTTP GET: https://liquipedia.net/dota2/Portal:Teams
2025-12-12 20:00:25 [INFO] teams_parser: HTTP 200 (720 ms), bytes=39301
2025-12-12 20:00:25 [INFO] teams_parser: Portal parse: spans=192, links=192, redlinks=0, empty=0, deduped=192, time=75 ms
2025-12-12 20:00:25 [INFO] teams_parser: Examples: CDUB Esports(CDUB_Esports), Fart Studios(Fart_Studios), GamerLegion(GamerLegion), HEROIC(HEROIC), Infamous(Infamous_Gaming), Lava Esports(Lava_Esports), AVULUS(AVULUS), Level UP(Level_UP), ...
2025-12-12 20:00:27 [INFO] teams_parser: Schema ensured: public.dota_teams (time=1279 ms)
2025-12-12 20:00:27 [INFO] teams_parser: Insert chunk 1: start rows=192
2025-12-12 20:00:28 [INFO] teams_parser: Insert chunk 1: done attempted=192 inserted=0 time=179 ms
2025-12-12 20:00:28 [INFO] teams_parser: Insert complete: inserted=0, time=637 ms
2025-12-12 20:00:28 [INFO] teams_parser: Teams sync done: parsed=192, inserted_new=0, db_before=384, db_after=384, total_time=3585 ms
2025-12-12 20:00:28 [INFO] teams_parser: DB pool closed.
